{"meta": {"format": 3, "version": "7.11.2", "timestamp": "2025-11-09T06:43:21.746925", "branch_coverage": false, "show_contexts": false}, "files": {"src/__init__.py": {"executed_lines": [0], "summary": {"covered_lines": 0, "num_statements": 0, "percent_covered": 100.0, "percent_covered_display": "100", "missing_lines": 0, "excluded_lines": 0}, "missing_lines": [], "excluded_lines": [], "functions": {"": {"executed_lines": [], "summary": {"covered_lines": 0, "num_statements": 0, "percent_covered": 100.0, "percent_covered_display": "100", "missing_lines": 0, "excluded_lines": 0}, "missing_lines": [], "excluded_lines": []}}, "classes": {"": {"executed_lines": [], "summary": {"covered_lines": 0, "num_statements": 0, "percent_covered": 100.0, "percent_covered_display": "100", "missing_lines": 0, "excluded_lines": 0}, "missing_lines": [], "excluded_lines": []}}}, "src/application/__init__.py": {"executed_lines": [0], "summary": {"covered_lines": 0, "num_statements": 0, "percent_covered": 100.0, "percent_covered_display": "100", "missing_lines": 0, "excluded_lines": 0}, "missing_lines": [], "excluded_lines": [], "functions": {"": {"executed_lines": [], "summary": {"covered_lines": 0, "num_statements": 0, "percent_covered": 100.0, "percent_covered_display": "100", "missing_lines": 0, "excluded_lines": 0}, "missing_lines": [], "excluded_lines": []}}, "classes": {"": {"executed_lines": [], "summary": {"covered_lines": 0, "num_statements": 0, "percent_covered": 100.0, "percent_covered_display": "100", "missing_lines": 0, "excluded_lines": 0}, "missing_lines": [], "excluded_lines": []}}}, "src/application/batch/__init__.py": {"executed_lines": [1, 7, 8, 10], "summary": {"covered_lines": 3, "num_statements": 3, "percent_covered": 100.0, "percent_covered_display": "100", "missing_lines": 0, "excluded_lines": 0}, "missing_lines": [], "excluded_lines": [], "functions": {"": {"executed_lines": [1, 7, 8, 10], "summary": {"covered_lines": 3, "num_statements": 3, "percent_covered": 100.0, "percent_covered_display": "100", "missing_lines": 0, "excluded_lines": 0}, "missing_lines": [], "excluded_lines": []}}, "classes": {"": {"executed_lines": [1, 7, 8, 10], "summary": {"covered_lines": 3, "num_statements": 3, "percent_covered": 100.0, "percent_covered_display": "100", "missing_lines": 0, "excluded_lines": 0}, "missing_lines": [], "excluded_lines": []}}}, "src/application/batch/pipeline.py": {"executed_lines": [1, 7, 8, 9, 11, 14, 15, 17, 18, 20, 21, 25, 27, 30, 31, 37, 38, 39, 41, 51, 52, 54, 64, 66, 67, 68, 70, 72, 74, 80, 81, 83, 84, 85, 87, 89, 92, 93, 95, 96, 97, 98, 100, 102, 105, 106, 107, 108, 109, 116, 117, 119, 123, 130, 131, 133, 137, 142, 143, 145, 146, 147, 148, 150, 152, 153, 156, 157, 159, 170, 180, 181, 183, 187, 201, 232], "summary": {"covered_lines": 64, "num_statements": 97, "percent_covered": 65.97938144329896, "percent_covered_display": "66", "missing_lines": 33, "excluded_lines": 4}, "missing_lines": [111, 112, 113, 120, 121, 125, 126, 127, 134, 135, 139, 165, 166, 167, 168, 172, 173, 174, 175, 177, 184, 185, 189, 191, 192, 193, 195, 213, 222, 223, 229, 234, 238], "excluded_lines": [20, 21, 22, 23], "functions": {"PipelineStage.__init__": {"executed_lines": [18], "summary": {"covered_lines": 1, "num_statements": 1, "percent_covered": 100.0, "percent_covered_display": "100", "missing_lines": 0, "excluded_lines": 0}, "missing_lines": [], "excluded_lines": []}, "PipelineStage.process": {"executed_lines": [], "summary": {"covered_lines": 0, "num_statements": 0, "percent_covered": 100.0, "percent_covered_display": "100", "missing_lines": 0, "excluded_lines": 2}, "missing_lines": [], "excluded_lines": [22, 23]}, "PipelineStage.__call__": {"executed_lines": [27], "summary": {"covered_lines": 1, "num_statements": 1, "percent_covered": 100.0, "percent_covered_display": "100", "missing_lines": 0, "excluded_lines": 0}, "missing_lines": [], "excluded_lines": []}, "Pipeline.__init__": {"executed_lines": [38, 39], "summary": {"covered_lines": 2, "num_statements": 2, "percent_covered": 100.0, "percent_covered_display": "100", "missing_lines": 0, "excluded_lines": 0}, "missing_lines": [], "excluded_lines": []}, "Pipeline.add_stage": {"executed_lines": [51, 52], "summary": {"covered_lines": 2, "num_statements": 2, "percent_covered": 100.0, "percent_covered_display": "100", "missing_lines": 0, "excluded_lines": 0}, "missing_lines": [], "excluded_lines": []}, "Pipeline.process": {"executed_lines": [64, 66, 67, 68, 70], "summary": {"covered_lines": 5, "num_statements": 5, "percent_covered": 100.0, "percent_covered_display": "100", "missing_lines": 0, "excluded_lines": 0}, "missing_lines": [], "excluded_lines": []}, "Pipeline.__call__": {"executed_lines": [74], "summary": {"covered_lines": 1, "num_statements": 1, "percent_covered": 100.0, "percent_covered_display": "100", "missing_lines": 0, "excluded_lines": 0}, "missing_lines": [], "excluded_lines": []}, "ParseStage.__init__": {"executed_lines": [84, 85], "summary": {"covered_lines": 2, "num_statements": 2, "percent_covered": 100.0, "percent_covered_display": "100", "missing_lines": 0, "excluded_lines": 0}, "missing_lines": [], "excluded_lines": []}, "ParseStage.process": {"executed_lines": [89], "summary": {"covered_lines": 1, "num_statements": 1, "percent_covered": 100.0, "percent_covered_display": "100", "missing_lines": 0, "excluded_lines": 0}, "missing_lines": [], "excluded_lines": []}, "AnalyzeStage.__init__": {"executed_lines": [96, 97, 98], "summary": {"covered_lines": 3, "num_statements": 3, "percent_covered": 100.0, "percent_covered_display": "100", "missing_lines": 0, "excluded_lines": 0}, "missing_lines": [], "excluded_lines": []}, "AnalyzeStage.process": {"executed_lines": [102, 105, 106, 107, 108, 109], "summary": {"covered_lines": 6, "num_statements": 9, "percent_covered": 66.66666666666667, "percent_covered_display": "67", "missing_lines": 3, "excluded_lines": 0}, "missing_lines": [111, 112, 113], "excluded_lines": []}, "ValidateStage.__init__": {"executed_lines": [], "summary": {"covered_lines": 0, "num_statements": 2, "percent_covered": 0.0, "percent_covered_display": "0", "missing_lines": 2, "excluded_lines": 0}, "missing_lines": [120, 121], "excluded_lines": []}, "ValidateStage.process": {"executed_lines": [], "summary": {"covered_lines": 0, "num_statements": 3, "percent_covered": 0.0, "percent_covered_display": "0", "missing_lines": 3, "excluded_lines": 0}, "missing_lines": [125, 126, 127], "excluded_lines": []}, "TransformStage.__init__": {"executed_lines": [], "summary": {"covered_lines": 0, "num_statements": 2, "percent_covered": 0.0, "percent_covered_display": "0", "missing_lines": 2, "excluded_lines": 0}, "missing_lines": [134, 135], "excluded_lines": []}, "TransformStage.process": {"executed_lines": [], "summary": {"covered_lines": 0, "num_statements": 1, "percent_covered": 0.0, "percent_covered_display": "0", "missing_lines": 1, "excluded_lines": 0}, "missing_lines": [139], "excluded_lines": []}, "ExportStage.__init__": {"executed_lines": [146, 147, 148], "summary": {"covered_lines": 3, "num_statements": 3, "percent_covered": 100.0, "percent_covered_display": "100", "missing_lines": 0, "excluded_lines": 0}, "missing_lines": [], "excluded_lines": []}, "ExportStage.process": {"executed_lines": [152, 153], "summary": {"covered_lines": 2, "num_statements": 2, "percent_covered": 100.0, "percent_covered_display": "100", "missing_lines": 0, "excluded_lines": 0}, "missing_lines": [], "excluded_lines": []}, "ConditionalStage.__init__": {"executed_lines": [], "summary": {"covered_lines": 0, "num_statements": 4, "percent_covered": 0.0, "percent_covered_display": "0", "missing_lines": 4, "excluded_lines": 0}, "missing_lines": [165, 166, 167, 168], "excluded_lines": []}, "ConditionalStage.process": {"executed_lines": [], "summary": {"covered_lines": 0, "num_statements": 5, "percent_covered": 0.0, "percent_covered_display": "0", "missing_lines": 5, "excluded_lines": 0}, "missing_lines": [172, 173, 174, 175, 177], "excluded_lines": []}, "ParallelStage.__init__": {"executed_lines": [], "summary": {"covered_lines": 0, "num_statements": 2, "percent_covered": 0.0, "percent_covered_display": "0", "missing_lines": 2, "excluded_lines": 0}, "missing_lines": [184, 185], "excluded_lines": []}, "ParallelStage.process": {"executed_lines": [], "summary": {"covered_lines": 0, "num_statements": 5, "percent_covered": 0.0, "percent_covered_display": "0", "missing_lines": 5, "excluded_lines": 0}, "missing_lines": [189, 191, 192, 193, 195], "excluded_lines": []}, "create_standard_pipeline": {"executed_lines": [], "summary": {"covered_lines": 0, "num_statements": 4, "percent_covered": 0.0, "percent_covered_display": "0", "missing_lines": 4, "excluded_lines": 0}, "missing_lines": [213, 222, 223, 229], "excluded_lines": []}, "create_comparison_pipeline": {"executed_lines": [], "summary": {"covered_lines": 0, "num_statements": 2, "percent_covered": 0.0, "percent_covered_display": "0", "missing_lines": 2, "excluded_lines": 0}, "missing_lines": [234, 238], "excluded_lines": []}, "": {"executed_lines": [1, 7, 8, 9, 11, 14, 15, 17, 20, 21, 25, 30, 31, 37, 41, 54, 72, 80, 81, 83, 87, 92, 93, 95, 100, 116, 117, 119, 123, 130, 131, 133, 137, 142, 143, 145, 150, 156, 157, 159, 170, 180, 181, 183, 187, 201, 232], "summary": {"covered_lines": 35, "num_statements": 35, "percent_covered": 100.0, "percent_covered_display": "100", "missing_lines": 0, "excluded_lines": 2}, "missing_lines": [], "excluded_lines": [20, 21]}}, "classes": {"PipelineStage": {"executed_lines": [18, 27], "summary": {"covered_lines": 2, "num_statements": 2, "percent_covered": 100.0, "percent_covered_display": "100", "missing_lines": 0, "excluded_lines": 2}, "missing_lines": [], "excluded_lines": [22, 23]}, "Pipeline": {"executed_lines": [38, 39, 51, 52, 64, 66, 67, 68, 70, 74], "summary": {"covered_lines": 10, "num_statements": 10, "percent_covered": 100.0, "percent_covered_display": "100", "missing_lines": 0, "excluded_lines": 0}, "missing_lines": [], "excluded_lines": []}, "ParseStage": {"executed_lines": [84, 85, 89], "summary": {"covered_lines": 3, "num_statements": 3, "percent_covered": 100.0, "percent_covered_display": "100", "missing_lines": 0, "excluded_lines": 0}, "missing_lines": [], "excluded_lines": []}, "AnalyzeStage": {"executed_lines": [96, 97, 98, 102, 105, 106, 107, 108, 109], "summary": {"covered_lines": 9, "num_statements": 12, "percent_covered": 75.0, "percent_covered_display": "75", "missing_lines": 3, "excluded_lines": 0}, "missing_lines": [111, 112, 113], "excluded_lines": []}, "ValidateStage": {"executed_lines": [], "summary": {"covered_lines": 0, "num_statements": 5, "percent_covered": 0.0, "percent_covered_display": "0", "missing_lines": 5, "excluded_lines": 0}, "missing_lines": [120, 121, 125, 126, 127], "excluded_lines": []}, "TransformStage": {"executed_lines": [], "summary": {"covered_lines": 0, "num_statements": 3, "percent_covered": 0.0, "percent_covered_display": "0", "missing_lines": 3, "excluded_lines": 0}, "missing_lines": [134, 135, 139], "excluded_lines": []}, "ExportStage": {"executed_lines": [146, 147, 148, 152, 153], "summary": {"covered_lines": 5, "num_statements": 5, "percent_covered": 100.0, "percent_covered_display": "100", "missing_lines": 0, "excluded_lines": 0}, "missing_lines": [], "excluded_lines": []}, "ConditionalStage": {"executed_lines": [], "summary": {"covered_lines": 0, "num_statements": 9, "percent_covered": 0.0, "percent_covered_display": "0", "missing_lines": 9, "excluded_lines": 0}, "missing_lines": [165, 166, 167, 168, 172, 173, 174, 175, 177], "excluded_lines": []}, "ParallelStage": {"executed_lines": [], "summary": {"covered_lines": 0, "num_statements": 7, "percent_covered": 0.0, "percent_covered_display": "0", "missing_lines": 7, "excluded_lines": 0}, "missing_lines": [184, 185, 189, 191, 192, 193, 195], "excluded_lines": []}, "": {"executed_lines": [1, 7, 8, 9, 11, 14, 15, 17, 20, 21, 25, 30, 31, 37, 41, 54, 72, 80, 81, 83, 87, 92, 93, 95, 100, 116, 117, 119, 123, 130, 131, 133, 137, 142, 143, 145, 150, 156, 157, 159, 170, 180, 181, 183, 187, 201, 232], "summary": {"covered_lines": 35, "num_statements": 41, "percent_covered": 85.36585365853658, "percent_covered_display": "85", "missing_lines": 6, "excluded_lines": 2}, "missing_lines": [213, 222, 223, 229, 234, 238], "excluded_lines": [20, 21]}}}, "src/application/batch/processor.py": {"executed_lines": [1, 7, 8, 9, 10, 11, 12, 14, 17, 18, 20, 21, 22, 23, 24, 27, 28, 29, 31, 32, 33, 34, 35, 36, 37, 38, 40, 42, 43, 45, 47, 48, 49, 51, 53, 54, 55, 57, 59, 60, 61, 64, 65, 66, 68, 69, 70, 71, 73, 74, 76, 78, 80, 82, 84, 86, 102, 103, 113, 127, 128, 129, 130, 132, 144, 145, 147, 148, 151, 152, 153, 154, 155, 157, 180, 195, 196, 197, 198, 199, 201, 203, 205, 211, 213, 214, 215, 216, 217, 219, 221, 222, 223, 224, 226, 227, 228, 231, 235, 236, 238, 239, 240, 242, 252, 267, 269, 270, 271, 272, 274, 278, 280, 285, 286, 288, 289, 290, 291, 300, 301, 304, 305, 307, 308, 309, 311, 321, 323, 324, 325, 327, 329, 331, 332, 333, 338, 352], "summary": {"covered_lines": 133, "num_statements": 165, "percent_covered": 80.60606060606061, "percent_covered_display": "81", "missing_lines": 32, "excluded_lines": 0}, "missing_lines": [81, 150, 171, 172, 174, 176, 177, 178, 206, 207, 208, 232, 292, 293, 294, 295, 296, 297, 334, 335, 336, 340, 341, 342, 344, 354, 355, 356, 357, 358, 359, 360], "excluded_lines": [], "functions": {"BatchJob.mark_running": {"executed_lines": [42, 43], "summary": {"covered_lines": 2, "num_statements": 2, "percent_covered": 100.0, "percent_covered_display": "100", "missing_lines": 0, "excluded_lines": 0}, "missing_lines": [], "excluded_lines": []}, "BatchJob.mark_completed": {"executed_lines": [47, 48, 49], "summary": {"covered_lines": 3, "num_statements": 3, "percent_covered": 100.0, "percent_covered_display": "100", "missing_lines": 0, "excluded_lines": 0}, "missing_lines": [], "excluded_lines": []}, "BatchJob.mark_failed": {"executed_lines": [53, 54, 55], "summary": {"covered_lines": 3, "num_statements": 3, "percent_covered": 100.0, "percent_covered_display": "100", "missing_lines": 0, "excluded_lines": 0}, "missing_lines": [], "excluded_lines": []}, "BatchJob.duration": {"executed_lines": [59, 60, 61], "summary": {"covered_lines": 3, "num_statements": 3, "percent_covered": 100.0, "percent_covered_display": "100", "missing_lines": 0, "excluded_lines": 0}, "missing_lines": [], "excluded_lines": []}, "BatchResult.success_rate": {"executed_lines": [80, 82], "summary": {"covered_lines": 2, "num_statements": 3, "percent_covered": 66.66666666666667, "percent_covered_display": "67", "missing_lines": 1, "excluded_lines": 0}, "missing_lines": [81], "excluded_lines": []}, "BatchResult.to_dict": {"executed_lines": [86], "summary": {"covered_lines": 1, "num_statements": 1, "percent_covered": 100.0, "percent_covered_display": "100", "missing_lines": 0, "excluded_lines": 0}, "missing_lines": [], "excluded_lines": []}, "BatchProcessor.__init__": {"executed_lines": [127, 128, 129, 130], "summary": {"covered_lines": 4, "num_statements": 4, "percent_covered": 100.0, "percent_covered_display": "100", "missing_lines": 0, "excluded_lines": 0}, "missing_lines": [], "excluded_lines": []}, "BatchProcessor.add_files": {"executed_lines": [144, 145, 147, 148, 151, 152, 153, 154, 155], "summary": {"covered_lines": 9, "num_statements": 10, "percent_covered": 90.0, "percent_covered_display": "90", "missing_lines": 1, "excluded_lines": 0}, "missing_lines": [150], "excluded_lines": []}, "BatchProcessor.add_directory": {"executed_lines": [], "summary": {"covered_lines": 0, "num_statements": 6, "percent_covered": 0.0, "percent_covered_display": "0", "missing_lines": 6, "excluded_lines": 0}, "missing_lines": [171, 172, 174, 176, 177, 178], "excluded_lines": []}, "BatchProcessor.process": {"executed_lines": [195, 196, 197, 198, 199, 201, 203, 205, 211, 213, 214, 215, 216, 217, 219, 221, 222, 223, 224, 226, 227, 228, 231, 235, 236, 238, 239, 240, 242], "summary": {"covered_lines": 29, "num_statements": 33, "percent_covered": 87.87878787878788, "percent_covered_display": "88", "missing_lines": 4, "excluded_lines": 0}, "missing_lines": [206, 207, 208, 232], "excluded_lines": []}, "BatchProcessor.process_parallel": {"executed_lines": [267, 269, 270, 271, 272, 274, 278, 280, 285, 286, 288, 289, 290, 291, 300, 301, 304, 305, 307, 308, 309, 311], "summary": {"covered_lines": 22, "num_statements": 28, "percent_covered": 78.57142857142857, "percent_covered_display": "79", "missing_lines": 6, "excluded_lines": 0}, "missing_lines": [292, 293, 294, 295, 296, 297], "excluded_lines": []}, "BatchProcessor._add_job": {"executed_lines": [323, 324, 325], "summary": {"covered_lines": 3, "num_statements": 3, "percent_covered": 100.0, "percent_covered_display": "100", "missing_lines": 0, "excluded_lines": 0}, "missing_lines": [], "excluded_lines": []}, "BatchProcessor._process_job": {"executed_lines": [329, 331, 332, 333], "summary": {"covered_lines": 4, "num_statements": 7, "percent_covered": 57.142857142857146, "percent_covered_display": "57", "missing_lines": 3, "excluded_lines": 0}, "missing_lines": [334, 335, 336], "excluded_lines": []}, "BatchProcessor.get_statistics": {"executed_lines": [], "summary": {"covered_lines": 0, "num_statements": 4, "percent_covered": 0.0, "percent_covered_display": "0", "missing_lines": 4, "excluded_lines": 0}, "missing_lines": [340, 341, 342, 344], "excluded_lines": []}, "BatchProcessor.reset": {"executed_lines": [], "summary": {"covered_lines": 0, "num_statements": 7, "percent_covered": 0.0, "percent_covered_display": "0", "missing_lines": 7, "excluded_lines": 0}, "missing_lines": [354, 355, 356, 357, 358, 359, 360], "excluded_lines": []}, "": {"executed_lines": [1, 7, 8, 9, 10, 11, 12, 14, 17, 18, 20, 21, 22, 23, 24, 27, 28, 29, 31, 32, 33, 34, 35, 36, 37, 38, 40, 45, 51, 57, 64, 65, 66, 68, 69, 70, 71, 73, 74, 76, 78, 84, 102, 103, 113, 132, 157, 180, 252, 321, 327, 338, 352], "summary": {"covered_lines": 48, "num_statements": 48, "percent_covered": 100.0, "percent_covered_display": "100", "missing_lines": 0, "excluded_lines": 0}, "missing_lines": [], "excluded_lines": []}}, "classes": {"JobStatus": {"executed_lines": [], "summary": {"covered_lines": 0, "num_statements": 0, "percent_covered": 100.0, "percent_covered_display": "100", "missing_lines": 0, "excluded_lines": 0}, "missing_lines": [], "excluded_lines": []}, "BatchJob": {"executed_lines": [42, 43, 47, 48, 49, 53, 54, 55, 59, 60, 61], "summary": {"covered_lines": 11, "num_statements": 11, "percent_covered": 100.0, "percent_covered_display": "100", "missing_lines": 0, "excluded_lines": 0}, "missing_lines": [], "excluded_lines": []}, "BatchResult": {"executed_lines": [80, 82, 86], "summary": {"covered_lines": 3, "num_statements": 4, "percent_covered": 75.0, "percent_covered_display": "75", "missing_lines": 1, "excluded_lines": 0}, "missing_lines": [81], "excluded_lines": []}, "BatchProcessor": {"executed_lines": [127, 128, 129, 130, 144, 145, 147, 148, 151, 152, 153, 154, 155, 195, 196, 197, 198, 199, 201, 203, 205, 211, 213, 214, 215, 216, 217, 219, 221, 222, 223, 224, 226, 227, 228, 231, 235, 236, 238, 239, 240, 242, 267, 269, 270, 271, 272, 274, 278, 280, 285, 286, 288, 289, 290, 291, 300, 301, 304, 305, 307, 308, 309, 311, 323, 324, 325, 329, 331, 332, 333], "summary": {"covered_lines": 71, "num_statements": 102, "percent_covered": 69.6078431372549, "percent_covered_display": "70", "missing_lines": 31, "excluded_lines": 0}, "missing_lines": [150, 171, 172, 174, 176, 177, 178, 206, 207, 208, 232, 292, 293, 294, 295, 296, 297, 334, 335, 336, 340, 341, 342, 344, 354, 355, 356, 357, 358, 359, 360], "excluded_lines": []}, "": {"executed_lines": [1, 7, 8, 9, 10, 11, 12, 14, 17, 18, 20, 21, 22, 23, 24, 27, 28, 29, 31, 32, 33, 34, 35, 36, 37, 38, 40, 45, 51, 57, 64, 65, 66, 68, 69, 70, 71, 73, 74, 76, 78, 84, 102, 103, 113, 132, 157, 180, 252, 321, 327, 338, 352], "summary": {"covered_lines": 48, "num_statements": 48, "percent_covered": 100.0, "percent_covered_display": "100", "missing_lines": 0, "excluded_lines": 0}, "missing_lines": [], "excluded_lines": []}}}, "src/application/comparison/__init__.py": {"executed_lines": [1, 7, 8, 10], "summary": {"covered_lines": 3, "num_statements": 3, "percent_covered": 100.0, "percent_covered_display": "100", "missing_lines": 0, "excluded_lines": 0}, "missing_lines": [], "excluded_lines": [], "functions": {"": {"executed_lines": [1, 7, 8, 10], "summary": {"covered_lines": 3, "num_statements": 3, "percent_covered": 100.0, "percent_covered_display": "100", "missing_lines": 0, "excluded_lines": 0}, "missing_lines": [], "excluded_lines": []}}, "classes": {"": {"executed_lines": [1, 7, 8, 10], "summary": {"covered_lines": 3, "num_statements": 3, "percent_covered": 100.0, "percent_covered_display": "100", "missing_lines": 0, "excluded_lines": 0}, "missing_lines": [], "excluded_lines": []}}}, "src/application/comparison/comparator.py": {"executed_lines": [1, 7, 8, 9, 10, 12, 15, 16, 17, 19, 20, 21, 24, 25, 26, 27, 28, 31, 32, 35, 37, 38, 39, 41, 43, 57, 58, 68, 88, 89, 90, 93, 94, 97, 98, 100, 101, 104, 105, 108, 112, 113, 116, 117, 118, 119, 122, 125, 126, 132, 133, 135, 148, 166, 168, 171, 172, 175, 176, 177, 179, 183, 184, 185, 186, 191, 193, 210, 211, 214, 215, 217, 218, 221, 222, 223, 226, 227, 230, 233, 234, 235, 236, 237, 240, 251, 253, 274, 277, 278, 281, 282, 283, 286, 288, 290, 291, 294, 295, 296, 299, 302, 308, 309, 310, 312, 313, 322, 323, 329, 351, 353, 356, 357, 360, 361, 363, 366, 367, 370, 371, 373, 376, 377, 378, 381, 382, 383, 384, 386, 387, 389, 390, 392, 403, 405, 406, 408, 409, 410, 411, 413, 414, 416], "summary": {"covered_lines": 141, "num_statements": 160, "percent_covered": 88.125, "percent_covered_display": "88", "missing_lines": 19, "excluded_lines": 0}, "missing_lines": [91, 109, 167, 169, 180, 187, 189, 219, 224, 225, 275, 279, 284, 292, 297, 305, 352, 354, 364], "excluded_lines": [], "functions": {"ComparisonResult.__post_init__": {"executed_lines": [38, 39], "summary": {"covered_lines": 2, "num_statements": 2, "percent_covered": 100.0, "percent_covered_display": "100", "missing_lines": 0, "excluded_lines": 0}, "missing_lines": [], "excluded_lines": []}, "ComparisonResult.to_dict": {"executed_lines": [43], "summary": {"covered_lines": 1, "num_statements": 1, "percent_covered": 100.0, "percent_covered_display": "100", "missing_lines": 0, "excluded_lines": 0}, "missing_lines": [], "excluded_lines": []}, "SimulationComparator.compare_fields": {"executed_lines": [88, 89, 90, 93, 94, 97, 98, 100, 101, 104, 105, 108, 112, 113, 116, 117, 118, 119, 122, 125, 126, 132, 133, 135], "summary": {"covered_lines": 24, "num_statements": 26, "percent_covered": 92.3076923076923, "percent_covered_display": "92", "missing_lines": 2, "excluded_lines": 0}, "missing_lines": [91, 109], "excluded_lines": []}, "SimulationComparator.compare_all_fields": {"executed_lines": [166, 168, 171, 172, 175, 176, 177, 179, 183, 184, 185, 186, 191], "summary": {"covered_lines": 13, "num_statements": 18, "percent_covered": 72.22222222222223, "percent_covered_display": "72", "missing_lines": 5, "excluded_lines": 0}, "missing_lines": [167, 169, 180, 187, 189], "excluded_lines": []}, "SimulationComparator.compare_multiple": {"executed_lines": [210, 211, 214, 215, 217, 218, 221, 222, 223, 226, 227, 230, 233, 234, 235, 236, 237, 240, 251], "summary": {"covered_lines": 19, "num_statements": 22, "percent_covered": 86.36363636363636, "percent_covered_display": "86", "missing_lines": 3, "excluded_lines": 0}, "missing_lines": [219, 224, 225], "excluded_lines": []}, "SimulationComparator.calculate_convergence": {"executed_lines": [274, 277, 278, 281, 282, 283, 286, 288, 290, 291, 294, 295, 296, 299, 302, 308, 309, 310, 312, 313, 322, 323], "summary": {"covered_lines": 22, "num_statements": 28, "percent_covered": 78.57142857142857, "percent_covered_display": "79", "missing_lines": 6, "excluded_lines": 0}, "missing_lines": [275, 279, 284, 292, 297, 305], "excluded_lines": []}, "SimulationComparator.identify_differences": {"executed_lines": [351, 353, 356, 357, 360, 361, 363, 366, 367, 370, 371, 373, 376, 377, 378, 381, 382, 383, 384, 386, 387, 389, 390, 392], "summary": {"covered_lines": 24, "num_statements": 27, "percent_covered": 88.88888888888889, "percent_covered_display": "89", "missing_lines": 3, "excluded_lines": 0}, "missing_lines": [352, 354, 364], "excluded_lines": []}, "SimulationComparator._calculate_correlation_matrix": {"executed_lines": [405, 406, 408, 409, 410, 411, 413, 414, 416], "summary": {"covered_lines": 9, "num_statements": 9, "percent_covered": 100.0, "percent_covered_display": "100", "missing_lines": 0, "excluded_lines": 0}, "missing_lines": [], "excluded_lines": []}, "": {"executed_lines": [1, 7, 8, 9, 10, 12, 15, 16, 17, 19, 20, 21, 24, 25, 26, 27, 28, 31, 32, 35, 37, 41, 57, 58, 68, 148, 193, 253, 329, 403], "summary": {"covered_lines": 27, "num_statements": 27, "percent_covered": 100.0, "percent_covered_display": "100", "missing_lines": 0, "excluded_lines": 0}, "missing_lines": [], "excluded_lines": []}}, "classes": {"ComparisonResult": {"executed_lines": [38, 39, 43], "summary": {"covered_lines": 3, "num_statements": 3, "percent_covered": 100.0, "percent_covered_display": "100", "missing_lines": 0, "excluded_lines": 0}, "missing_lines": [], "excluded_lines": []}, "SimulationComparator": {"executed_lines": [88, 89, 90, 93, 94, 97, 98, 100, 101, 104, 105, 108, 112, 113, 116, 117, 118, 119, 122, 125, 126, 132, 133, 135, 166, 168, 171, 172, 175, 176, 177, 179, 183, 184, 185, 186, 191, 210, 211, 214, 215, 217, 218, 221, 222, 223, 226, 227, 230, 233, 234, 235, 236, 237, 240, 251, 274, 277, 278, 281, 282, 283, 286, 288, 290, 291, 294, 295, 296, 299, 302, 308, 309, 310, 312, 313, 322, 323, 351, 353, 356, 357, 360, 361, 363, 366, 367, 370, 371, 373, 376, 377, 378, 381, 382, 383, 384, 386, 387, 389, 390, 392, 405, 406, 408, 409, 410, 411, 413, 414, 416], "summary": {"covered_lines": 111, "num_statements": 130, "percent_covered": 85.38461538461539, "percent_covered_display": "85", "missing_lines": 19, "excluded_lines": 0}, "missing_lines": [91, 109, 167, 169, 180, 187, 189, 219, 224, 225, 275, 279, 284, 292, 297, 305, 352, 354, 364], "excluded_lines": []}, "": {"executed_lines": [1, 7, 8, 9, 10, 12, 15, 16, 17, 19, 20, 21, 24, 25, 26, 27, 28, 31, 32, 35, 37, 41, 57, 58, 68, 148, 193, 253, 329, 403], "summary": {"covered_lines": 27, "num_statements": 27, "percent_covered": 100.0, "percent_covered_display": "100", "missing_lines": 0, "excluded_lines": 0}, "missing_lines": [], "excluded_lines": []}}}, "src/application/comparison/diff_analyzer.py": {"executed_lines": [1, 7, 8, 9, 10, 13, 14, 16, 17, 18, 19, 20, 23, 24, 25, 27, 30, 31, 32, 33, 36, 39, 40, 43, 45, 47, 59, 60, 66, 82, 83, 84, 85, 87, 105, 108, 109, 112, 113, 114, 115, 118, 121, 122, 123, 125, 137, 152, 154, 155, 156, 157, 163, 165, 175, 176, 179, 180, 181, 184, 188, 198, 204, 212, 214, 215, 216, 217, 218, 219, 220, 221, 223, 225, 227, 230, 234, 235, 236, 237, 238, 239, 241, 243, 260, 261, 262, 265, 266, 268, 276], "summary": {"covered_lines": 87, "num_statements": 87, "percent_covered": 100.0, "percent_covered_display": "100", "missing_lines": 0, "excluded_lines": 0}, "missing_lines": [], "excluded_lines": [], "functions": {"FieldDifference.to_dict": {"executed_lines": [47], "summary": {"covered_lines": 1, "num_statements": 1, "percent_covered": 100.0, "percent_covered_display": "100", "missing_lines": 0, "excluded_lines": 0}, "missing_lines": [], "excluded_lines": []}, "DifferenceAnalyzer.__init__": {"executed_lines": [82, 83, 84, 85], "summary": {"covered_lines": 4, "num_statements": 4, "percent_covered": 100.0, "percent_covered_display": "100", "missing_lines": 0, "excluded_lines": 0}, "missing_lines": [], "excluded_lines": []}, "DifferenceAnalyzer.analyze_field_difference": {"executed_lines": [105, 108, 109, 112, 113, 114, 115, 118, 121, 122, 123, 125], "summary": {"covered_lines": 12, "num_statements": 12, "percent_covered": 100.0, "percent_covered_display": "100", "missing_lines": 0, "excluded_lines": 0}, "missing_lines": [], "excluded_lines": []}, "DifferenceAnalyzer.analyze_all_fields": {"executed_lines": [152, 154, 155, 156, 157, 163], "summary": {"covered_lines": 6, "num_statements": 6, "percent_covered": 100.0, "percent_covered_display": "100", "missing_lines": 0, "excluded_lines": 0}, "missing_lines": [], "excluded_lines": []}, "DifferenceAnalyzer.generate_summary": {"executed_lines": [175, 176, 179, 180, 181, 184, 188, 198, 204], "summary": {"covered_lines": 9, "num_statements": 9, "percent_covered": 100.0, "percent_covered_display": "100", "missing_lines": 0, "excluded_lines": 0}, "missing_lines": [], "excluded_lines": []}, "DifferenceAnalyzer._classify_difference": {"executed_lines": [214, 215, 216, 217, 218, 219, 220, 221, 223], "summary": {"covered_lines": 9, "num_statements": 9, "percent_covered": 100.0, "percent_covered_display": "100", "missing_lines": 0, "excluded_lines": 0}, "missing_lines": [], "excluded_lines": []}, "DifferenceAnalyzer._assess_overall_status": {"executed_lines": [227, 230, 234, 235, 236, 237, 238, 239, 241], "summary": {"covered_lines": 9, "num_statements": 9, "percent_covered": 100.0, "percent_covered_display": "100", "missing_lines": 0, "excluded_lines": 0}, "missing_lines": [], "excluded_lines": []}, "DifferenceAnalyzer.identify_outlier_regions": {"executed_lines": [260, 261, 262, 265, 266, 268, 276], "summary": {"covered_lines": 7, "num_statements": 7, "percent_covered": 100.0, "percent_covered_display": "100", "missing_lines": 0, "excluded_lines": 0}, "missing_lines": [], "excluded_lines": []}, "": {"executed_lines": [1, 7, 8, 9, 10, 13, 14, 16, 17, 18, 19, 20, 23, 24, 25, 27, 30, 31, 32, 33, 36, 39, 40, 43, 45, 59, 60, 66, 87, 137, 165, 212, 225, 243], "summary": {"covered_lines": 30, "num_statements": 30, "percent_covered": 100.0, "percent_covered_display": "100", "missing_lines": 0, "excluded_lines": 0}, "missing_lines": [], "excluded_lines": []}}, "classes": {"DifferenceType": {"executed_lines": [], "summary": {"covered_lines": 0, "num_statements": 0, "percent_covered": 100.0, "percent_covered_display": "100", "missing_lines": 0, "excluded_lines": 0}, "missing_lines": [], "excluded_lines": []}, "FieldDifference": {"executed_lines": [47], "summary": {"covered_lines": 1, "num_statements": 1, "percent_covered": 100.0, "percent_covered_display": "100", "missing_lines": 0, "excluded_lines": 0}, "missing_lines": [], "excluded_lines": []}, "DifferenceAnalyzer": {"executed_lines": [82, 83, 84, 85, 105, 108, 109, 112, 113, 114, 115, 118, 121, 122, 123, 125, 152, 154, 155, 156, 157, 163, 175, 176, 179, 180, 181, 184, 188, 198, 204, 214, 215, 216, 217, 218, 219, 220, 221, 223, 227, 230, 234, 235, 236, 237, 238, 239, 241, 260, 261, 262, 265, 266, 268, 276], "summary": {"covered_lines": 56, "num_statements": 56, "percent_covered": 100.0, "percent_covered_display": "100", "missing_lines": 0, "excluded_lines": 0}, "missing_lines": [], "excluded_lines": []}, "": {"executed_lines": [1, 7, 8, 9, 10, 13, 14, 16, 17, 18, 19, 20, 23, 24, 25, 27, 30, 31, 32, 33, 36, 39, 40, 43, 45, 59, 60, 66, 87, 137, 165, 212, 225, 243], "summary": {"covered_lines": 30, "num_statements": 30, "percent_covered": 100.0, "percent_covered_display": "100", "missing_lines": 0, "excluded_lines": 0}, "missing_lines": [], "excluded_lines": []}}}, "src/application/export/__init__.py": {"executed_lines": [1, 7, 9], "summary": {"covered_lines": 2, "num_statements": 2, "percent_covered": 100.0, "percent_covered_display": "100", "missing_lines": 0, "excluded_lines": 0}, "missing_lines": [], "excluded_lines": [], "functions": {"": {"executed_lines": [1, 7, 9], "summary": {"covered_lines": 2, "num_statements": 2, "percent_covered": 100.0, "percent_covered_display": "100", "missing_lines": 0, "excluded_lines": 0}, "missing_lines": [], "excluded_lines": []}}, "classes": {"": {"executed_lines": [1, 7, 9], "summary": {"covered_lines": 2, "num_statements": 2, "percent_covered": 100.0, "percent_covered_display": "100", "missing_lines": 0, "excluded_lines": 0}, "missing_lines": [], "excluded_lines": []}}}, "src/application/export/exporter.py": {"executed_lines": [1, 7, 8, 9, 10, 11, 12, 13, 16, 17, 19, 20, 21, 22, 25, 26, 28, 29, 33, 34, 39, 40, 46, 62, 64, 65, 66, 67, 68, 69, 70, 71, 73, 75, 82, 89, 90, 91, 92, 102, 103, 109, 110, 112, 118, 119, 121, 124, 126, 127, 130, 133, 134, 135, 136, 138, 144, 145, 148, 150, 156, 158, 159, 160, 162, 163, 164, 165, 166, 167, 168, 169, 171, 172, 173, 174, 175, 176, 177, 178, 179, 180, 182, 183, 185, 197, 198, 200, 202, 203, 204, 205, 206, 207, 208, 209, 210], "summary": {"covered_lines": 89, "num_statements": 89, "percent_covered": 100.0, "percent_covered_display": "100", "missing_lines": 0, "excluded_lines": 8}, "missing_lines": [], "excluded_lines": [28, 29, 30, 31, 33, 34, 35, 36], "functions": {"Exporter.export": {"executed_lines": [], "summary": {"covered_lines": 0, "num_statements": 0, "percent_covered": 100.0, "percent_covered_display": "100", "missing_lines": 0, "excluded_lines": 2}, "missing_lines": [], "excluded_lines": [30, 31]}, "Exporter.import_data": {"executed_lines": [], "summary": {"covered_lines": 0, "num_statements": 0, "percent_covered": 100.0, "percent_covered_display": "100", "missing_lines": 0, "excluded_lines": 2}, "missing_lines": [], "excluded_lines": [35, 36]}, "MultiFormatExporter.export_simulation_data": {"executed_lines": [62, 64, 65, 66, 67, 68, 69, 70, 71, 73], "summary": {"covered_lines": 10, "num_statements": 10, "percent_covered": 100.0, "percent_covered_display": "100", "missing_lines": 0, "excluded_lines": 0}, "missing_lines": [], "excluded_lines": []}, "MultiFormatExporter._export_json": {"executed_lines": [82, 89, 90, 91, 92, 102, 103, 109, 110], "summary": {"covered_lines": 9, "num_statements": 9, "percent_covered": 100.0, "percent_covered_display": "100", "missing_lines": 0, "excluded_lines": 0}, "missing_lines": [], "excluded_lines": []}, "MultiFormatExporter._export_csv": {"executed_lines": [118, 119, 121, 124, 126, 127, 130, 133, 134, 135, 136], "summary": {"covered_lines": 11, "num_statements": 11, "percent_covered": 100.0, "percent_covered_display": "100", "missing_lines": 0, "excluded_lines": 0}, "missing_lines": [], "excluded_lines": []}, "MultiFormatExporter._export_numpy": {"executed_lines": [144, 145, 148], "summary": {"covered_lines": 3, "num_statements": 3, "percent_covered": 100.0, "percent_covered_display": "100", "missing_lines": 0, "excluded_lines": 0}, "missing_lines": [], "excluded_lines": []}, "MultiFormatExporter._export_text": {"executed_lines": [156, 158, 159, 160, 162, 163, 164, 165, 166, 167, 168, 169, 171, 172, 173, 174, 175, 176, 177, 178, 179, 180, 182, 183], "summary": {"covered_lines": 24, "num_statements": 24, "percent_covered": 100.0, "percent_covered_display": "100", "missing_lines": 0, "excluded_lines": 0}, "missing_lines": [], "excluded_lines": []}, "MultiFormatExporter.export_analysis_results": {"executed_lines": [197, 198], "summary": {"covered_lines": 2, "num_statements": 2, "percent_covered": 100.0, "percent_covered_display": "100", "missing_lines": 0, "excluded_lines": 0}, "missing_lines": [], "excluded_lines": []}, "MultiFormatExporter._json_serialize": {"executed_lines": [202, 203, 204, 205, 206, 207, 208, 209, 210], "summary": {"covered_lines": 9, "num_statements": 9, "percent_covered": 100.0, "percent_covered_display": "100", "missing_lines": 0, "excluded_lines": 0}, "missing_lines": [], "excluded_lines": []}, "": {"executed_lines": [1, 7, 8, 9, 10, 11, 12, 13, 16, 17, 19, 20, 21, 22, 25, 26, 28, 29, 33, 34, 39, 40, 46, 75, 112, 138, 150, 185, 200], "summary": {"covered_lines": 21, "num_statements": 21, "percent_covered": 100.0, "percent_covered_display": "100", "missing_lines": 0, "excluded_lines": 4}, "missing_lines": [], "excluded_lines": [28, 29, 33, 34]}}, "classes": {"ExportFormat": {"executed_lines": [], "summary": {"covered_lines": 0, "num_statements": 0, "percent_covered": 100.0, "percent_covered_display": "100", "missing_lines": 0, "excluded_lines": 0}, "missing_lines": [], "excluded_lines": []}, "Exporter": {"executed_lines": [], "summary": {"covered_lines": 0, "num_statements": 0, "percent_covered": 100.0, "percent_covered_display": "100", "missing_lines": 0, "excluded_lines": 4}, "missing_lines": [], "excluded_lines": [30, 31, 35, 36]}, "MultiFormatExporter": {"executed_lines": [62, 64, 65, 66, 67, 68, 69, 70, 71, 73, 82, 89, 90, 91, 92, 102, 103, 109, 110, 118, 119, 121, 124, 126, 127, 130, 133, 134, 135, 136, 144, 145, 148, 156, 158, 159, 160, 162, 163, 164, 165, 166, 167, 168, 169, 171, 172, 173, 174, 175, 176, 177, 178, 179, 180, 182, 183, 197, 198, 202, 203, 204, 205, 206, 207, 208, 209, 210], "summary": {"covered_lines": 68, "num_statements": 68, "percent_covered": 100.0, "percent_covered_display": "100", "missing_lines": 0, "excluded_lines": 0}, "missing_lines": [], "excluded_lines": []}, "": {"executed_lines": [1, 7, 8, 9, 10, 11, 12, 13, 16, 17, 19, 20, 21, 22, 25, 26, 28, 29, 33, 34, 39, 40, 46, 75, 112, 138, 150, 185, 200], "summary": {"covered_lines": 21, "num_statements": 21, "percent_covered": 100.0, "percent_covered_display": "100", "missing_lines": 0, "excluded_lines": 4}, "missing_lines": [], "excluded_lines": [28, 29, 33, 34]}}}, "src/application/reporting/generator.py": {"executed_lines": [1, 7, 8, 9, 10, 11, 14, 15, 16, 18, 19, 20, 22, 24, 25, 28, 29, 38, 39, 40, 41, 45, 62, 63, 64, 66, 75, 82, 84, 90, 95, 96, 97, 101, 102, 104, 109, 111, 112, 113, 114, 116, 117, 119, 120, 122, 123, 125, 126, 130, 131, 133, 138, 147, 148, 149, 150, 152, 154, 156, 163, 164, 166, 168, 170, 179, 180, 181, 182, 183, 184, 186, 188, 190, 211, 212, 214, 215, 217, 224, 226, 238, 240, 241, 242, 243, 244, 245, 247, 249, 250, 252, 266, 267, 269, 271], "summary": {"covered_lines": 93, "num_statements": 94, "percent_covered": 98.93617021276596, "percent_covered_display": "99", "missing_lines": 1, "excluded_lines": 0}, "missing_lines": [99], "excluded_lines": [], "functions": {"ReportSection.to_markdown": {"executed_lines": [24, 25], "summary": {"covered_lines": 2, "num_statements": 2, "percent_covered": 100.0, "percent_covered_display": "100", "missing_lines": 0, "excluded_lines": 0}, "missing_lines": [], "excluded_lines": []}, "ReportGenerator.__init__": {"executed_lines": [39, 40, 41], "summary": {"covered_lines": 3, "num_statements": 3, "percent_covered": 100.0, "percent_covered_display": "100", "missing_lines": 0, "excluded_lines": 0}, "missing_lines": [], "excluded_lines": []}, "ReportGenerator.add_section": {"executed_lines": [62, 63, 64], "summary": {"covered_lines": 3, "num_statements": 3, "percent_covered": 100.0, "percent_covered_display": "100", "missing_lines": 0, "excluded_lines": 0}, "missing_lines": [], "excluded_lines": []}, "ReportGenerator.add_summary": {"executed_lines": [75, 82], "summary": {"covered_lines": 2, "num_statements": 2, "percent_covered": 100.0, "percent_covered_display": "100", "missing_lines": 0, "excluded_lines": 0}, "missing_lines": [], "excluded_lines": []}, "ReportGenerator.add_statistics_table": {"executed_lines": [90, 95, 96, 97, 101, 102], "summary": {"covered_lines": 6, "num_statements": 7, "percent_covered": 85.71428571428571, "percent_covered_display": "86", "missing_lines": 1, "excluded_lines": 0}, "missing_lines": [99], "excluded_lines": []}, "ReportGenerator.add_comparison_summary": {"executed_lines": [109, 111, 112, 113, 114, 116, 117, 119, 120, 122, 123, 125, 126, 130, 131], "summary": {"covered_lines": 15, "num_statements": 15, "percent_covered": 100.0, "percent_covered_display": "100", "missing_lines": 0, "excluded_lines": 0}, "missing_lines": [], "excluded_lines": []}, "ReportGenerator.add_batch_results": {"executed_lines": [138, 147, 148, 149, 150, 152], "summary": {"covered_lines": 6, "num_statements": 6, "percent_covered": 100.0, "percent_covered_display": "100", "missing_lines": 0, "excluded_lines": 0}, "missing_lines": [], "excluded_lines": []}, "ReportGenerator.generate_markdown": {"executed_lines": [156, 163, 164, 166], "summary": {"covered_lines": 4, "num_statements": 4, "percent_covered": 100.0, "percent_covered_display": "100", "missing_lines": 0, "excluded_lines": 0}, "missing_lines": [], "excluded_lines": []}, "ReportGenerator.generate_text": {"executed_lines": [170, 179, 180, 181, 182, 183, 184, 186], "summary": {"covered_lines": 8, "num_statements": 8, "percent_covered": 100.0, "percent_covered_display": "100", "missing_lines": 0, "excluded_lines": 0}, "missing_lines": [], "excluded_lines": []}, "ReportGenerator.generate_html": {"executed_lines": [190, 211, 212, 214, 215, 217, 224], "summary": {"covered_lines": 7, "num_statements": 7, "percent_covered": 100.0, "percent_covered_display": "100", "missing_lines": 0, "excluded_lines": 0}, "missing_lines": [], "excluded_lines": []}, "ReportGenerator.save": {"executed_lines": [238, 240, 241, 242, 243, 244, 245, 247, 249, 250], "summary": {"covered_lines": 10, "num_statements": 10, "percent_covered": 100.0, "percent_covered_display": "100", "missing_lines": 0, "excluded_lines": 0}, "missing_lines": [], "excluded_lines": []}, "ReportGenerator.add_custom_section": {"executed_lines": [266, 267, 269, 271], "summary": {"covered_lines": 4, "num_statements": 4, "percent_covered": 100.0, "percent_covered_display": "100", "missing_lines": 0, "excluded_lines": 0}, "missing_lines": [], "excluded_lines": []}, "": {"executed_lines": [1, 7, 8, 9, 10, 11, 14, 15, 16, 18, 19, 20, 22, 28, 29, 38, 45, 66, 84, 104, 133, 154, 168, 188, 226, 252], "summary": {"covered_lines": 23, "num_statements": 23, "percent_covered": 100.0, "percent_covered_display": "100", "missing_lines": 0, "excluded_lines": 0}, "missing_lines": [], "excluded_lines": []}}, "classes": {"ReportSection": {"executed_lines": [24, 25], "summary": {"covered_lines": 2, "num_statements": 2, "percent_covered": 100.0, "percent_covered_display": "100", "missing_lines": 0, "excluded_lines": 0}, "missing_lines": [], "excluded_lines": []}, "ReportGenerator": {"executed_lines": [39, 40, 41, 62, 63, 64, 75, 82, 90, 95, 96, 97, 101, 102, 109, 111, 112, 113, 114, 116, 117, 119, 120, 122, 123, 125, 126, 130, 131, 138, 147, 148, 149, 150, 152, 156, 163, 164, 166, 170, 179, 180, 181, 182, 183, 184, 186, 190, 211, 212, 214, 215, 217, 224, 238, 240, 241, 242, 243, 244, 245, 247, 249, 250, 266, 267, 269, 271], "summary": {"covered_lines": 68, "num_statements": 69, "percent_covered": 98.55072463768116, "percent_covered_display": "99", "missing_lines": 1, "excluded_lines": 0}, "missing_lines": [99], "excluded_lines": []}, "": {"executed_lines": [1, 7, 8, 9, 10, 11, 14, 15, 16, 18, 19, 20, 22, 28, 29, 38, 45, 66, 84, 104, 133, 154, 168, 188, 226, 252], "summary": {"covered_lines": 23, "num_statements": 23, "percent_covered": 100.0, "percent_covered_display": "100", "missing_lines": 0, "excluded_lines": 0}, "missing_lines": [], "excluded_lines": []}}}, "src/application/services/__init__.py": {"executed_lines": [1, 3, 5], "summary": {"covered_lines": 2, "num_statements": 2, "percent_covered": 100.0, "percent_covered_display": "100", "missing_lines": 0, "excluded_lines": 0}, "missing_lines": [], "excluded_lines": [], "functions": {"": {"executed_lines": [1, 3, 5], "summary": {"covered_lines": 2, "num_statements": 2, "percent_covered": 100.0, "percent_covered_display": "100", "missing_lines": 0, "excluded_lines": 0}, "missing_lines": [], "excluded_lines": []}}, "classes": {"": {"executed_lines": [1, 3, 5], "summary": {"covered_lines": 2, "num_statements": 2, "percent_covered": 100.0, "percent_covered_display": "100", "missing_lines": 0, "excluded_lines": 0}, "missing_lines": [], "excluded_lines": []}}}, "src/application/services/simulation_service.py": {"executed_lines": [1, 7, 8, 9, 11, 12, 14, 38, 39, 40, 42, 43, 46, 47, 53, 54, 57, 58, 59, 62, 63, 64, 65, 66, 67, 68, 70, 90, 95, 100, 102, 103, 105, 115, 117, 119, 154, 189, 246, 257, 259, 261, 271, 274, 276, 277, 278, 285, 294], "summary": {"covered_lines": 46, "num_statements": 74, "percent_covered": 62.16216216216216, "percent_covered_display": "62", "missing_lines": 28, "excluded_lines": 0}, "missing_lines": [133, 135, 136, 139, 141, 142, 150, 152, 168, 171, 172, 175, 177, 178, 179, 182, 183, 185, 187, 209, 218, 221, 222, 225, 235, 244, 291, 292], "excluded_lines": [], "functions": {"SimulationService.__init__": {"executed_lines": [54, 57, 58, 59, 62, 63, 64, 65, 66, 67, 68], "summary": {"covered_lines": 11, "num_statements": 11, "percent_covered": 100.0, "percent_covered_display": "100", "missing_lines": 0, "excluded_lines": 0}, "missing_lines": [], "excluded_lines": []}, "SimulationService.upload_and_analyze": {"executed_lines": [90, 95, 100, 102, 103, 105, 115, 117], "summary": {"covered_lines": 8, "num_statements": 8, "percent_covered": 100.0, "percent_covered_display": "100", "missing_lines": 0, "excluded_lines": 0}, "missing_lines": [], "excluded_lines": []}, "SimulationService.compare_all_timesteps": {"executed_lines": [], "summary": {"covered_lines": 0, "num_statements": 8, "percent_covered": 0.0, "percent_covered_display": "0", "missing_lines": 8, "excluded_lines": 0}, "missing_lines": [133, 135, 136, 139, 141, 142, 150, 152], "excluded_lines": []}, "SimulationService.analyze_convergence": {"executed_lines": [], "summary": {"covered_lines": 0, "num_statements": 11, "percent_covered": 0.0, "percent_covered_display": "0", "missing_lines": 11, "excluded_lines": 0}, "missing_lines": [168, 171, 172, 175, 177, 178, 179, 182, 183, 185, 187], "excluded_lines": []}, "SimulationService.find_critical_regions": {"executed_lines": [], "summary": {"covered_lines": 0, "num_statements": 7, "percent_covered": 0.0, "percent_covered_display": "0", "missing_lines": 7, "excluded_lines": 0}, "missing_lines": [209, 218, 221, 222, 225, 235, 244], "excluded_lines": []}, "SimulationService.list_simulations": {"executed_lines": [257, 259], "summary": {"covered_lines": 2, "num_statements": 2, "percent_covered": 100.0, "percent_covered_display": "100", "missing_lines": 0, "excluded_lines": 0}, "missing_lines": [], "excluded_lines": []}, "SimulationService.get_simulation_summary": {"executed_lines": [271, 274, 276, 277, 278, 285, 294], "summary": {"covered_lines": 7, "num_statements": 9, "percent_covered": 77.77777777777777, "percent_covered_display": "78", "missing_lines": 2, "excluded_lines": 0}, "missing_lines": [291, 292], "excluded_lines": []}, "": {"executed_lines": [1, 7, 8, 9, 11, 12, 14, 38, 39, 40, 42, 43, 46, 47, 53, 70, 119, 154, 189, 246, 261], "summary": {"covered_lines": 18, "num_statements": 18, "percent_covered": 100.0, "percent_covered_display": "100", "missing_lines": 0, "excluded_lines": 0}, "missing_lines": [], "excluded_lines": []}}, "classes": {"FullAnalysisResult": {"executed_lines": [], "summary": {"covered_lines": 0, "num_statements": 0, "percent_covered": 100.0, "percent_covered_display": "100", "missing_lines": 0, "excluded_lines": 0}, "missing_lines": [], "excluded_lines": []}, "SimulationService": {"executed_lines": [54, 57, 58, 59, 62, 63, 64, 65, 66, 67, 68, 90, 95, 100, 102, 103, 105, 115, 117, 257, 259, 271, 274, 276, 277, 278, 285, 294], "summary": {"covered_lines": 28, "num_statements": 56, "percent_covered": 50.0, "percent_covered_display": "50", "missing_lines": 28, "excluded_lines": 0}, "missing_lines": [133, 135, 136, 139, 141, 142, 150, 152, 168, 171, 172, 175, 177, 178, 179, 182, 183, 185, 187, 209, 218, 221, 222, 225, 235, 244, 291, 292], "excluded_lines": []}, "": {"executed_lines": [1, 7, 8, 9, 11, 12, 14, 38, 39, 40, 42, 43, 46, 47, 53, 70, 119, 154, 189, 246, 261], "summary": {"covered_lines": 18, "num_statements": 18, "percent_covered": 100.0, "percent_covered_display": "100", "missing_lines": 0, "excluded_lines": 0}, "missing_lines": [], "excluded_lines": []}}}, "src/application/use_cases/__init__.py": {"executed_lines": [1, 3, 10, 35], "summary": {"covered_lines": 3, "num_statements": 3, "percent_covered": 100.0, "percent_covered_display": "100", "missing_lines": 0, "excluded_lines": 0}, "missing_lines": [], "excluded_lines": [], "functions": {"": {"executed_lines": [1, 3, 10, 35], "summary": {"covered_lines": 3, "num_statements": 3, "percent_covered": 100.0, "percent_covered_display": "100", "missing_lines": 0, "excluded_lines": 0}, "missing_lines": [], "excluded_lines": []}}, "classes": {"": {"executed_lines": [1, 3, 10, 35], "summary": {"covered_lines": 3, "num_statements": 3, "percent_covered": 100.0, "percent_covered_display": "100", "missing_lines": 0, "excluded_lines": 0}, "missing_lines": [], "excluded_lines": []}}}, "src/application/use_cases/base.py": {"executed_lines": [1, 7, 8, 10, 11, 14, 15, 22, 23, 36, 37, 39, 42, 43, 45, 48, 49, 51, 54, 55, 57], "summary": {"covered_lines": 13, "num_statements": 13, "percent_covered": 100.0, "percent_covered_display": "100", "missing_lines": 0, "excluded_lines": 12}, "missing_lines": [], "excluded_lines": [22, 23, 24, 25, 26, 27, 28, 29, 30, 31, 32, 33], "functions": {"UseCase.execute": {"executed_lines": [], "summary": {"covered_lines": 0, "num_statements": 0, "percent_covered": 100.0, "percent_covered_display": "100", "missing_lines": 0, "excluded_lines": 10}, "missing_lines": [], "excluded_lines": [24, 25, 26, 27, 28, 29, 30, 31, 32, 33]}, "": {"executed_lines": [1, 7, 8, 10, 11, 14, 15, 22, 23, 36, 37, 39, 42, 43, 45, 48, 49, 51, 54, 55, 57], "summary": {"covered_lines": 13, "num_statements": 13, "percent_covered": 100.0, "percent_covered_display": "100", "missing_lines": 0, "excluded_lines": 2}, "missing_lines": [], "excluded_lines": [22, 23]}}, "classes": {"UseCase": {"executed_lines": [], "summary": {"covered_lines": 0, "num_statements": 0, "percent_covered": 100.0, "percent_covered_display": "100", "missing_lines": 0, "excluded_lines": 10}, "missing_lines": [], "excluded_lines": [24, 25, 26, 27, 28, 29, 30, 31, 32, 33]}, "UseCaseError": {"executed_lines": [], "summary": {"covered_lines": 0, "num_statements": 0, "percent_covered": 100.0, "percent_covered_display": "100", "missing_lines": 0, "excluded_lines": 0}, "missing_lines": [], "excluded_lines": []}, "ValidationError": {"executed_lines": [], "summary": {"covered_lines": 0, "num_statements": 0, "percent_covered": 100.0, "percent_covered_display": "100", "missing_lines": 0, "excluded_lines": 0}, "missing_lines": [], "excluded_lines": []}, "NotFoundError": {"executed_lines": [], "summary": {"covered_lines": 0, "num_statements": 0, "percent_covered": 100.0, "percent_covered_display": "100", "missing_lines": 0, "excluded_lines": 0}, "missing_lines": [], "excluded_lines": []}, "AlreadyExistsError": {"executed_lines": [], "summary": {"covered_lines": 0, "num_statements": 0, "percent_covered": 100.0, "percent_covered_display": "100", "missing_lines": 0, "excluded_lines": 0}, "missing_lines": [], "excluded_lines": []}, "": {"executed_lines": [1, 7, 8, 10, 11, 14, 15, 22, 23, 36, 37, 39, 42, 43, 45, 48, 49, 51, 54, 55, 57], "summary": {"covered_lines": 13, "num_statements": 13, "percent_covered": 100.0, "percent_covered_display": "100", "missing_lines": 0, "excluded_lines": 2}, "missing_lines": [], "excluded_lines": [22, 23]}}}, "src/application/use_cases/simulation_use_cases.py": {"executed_lines": [1, 7, 8, 9, 11, 13, 14, 20, 28, 29, 30, 32, 33, 34, 35, 38, 39, 40, 42, 43, 44, 45, 46, 47, 50, 51, 57, 62, 63, 65, 68, 69, 72, 73, 78, 79, 82, 86, 90, 92, 107, 108, 109, 111, 114, 115, 116, 118, 119, 120, 121, 122, 123, 124, 125, 128, 129, 135, 136, 138, 140, 142, 143, 145, 162, 163, 164, 166, 167, 168, 169, 170, 171, 172, 173, 174, 177, 178, 179, 181, 182, 183, 184, 185, 186, 189, 190, 196, 197, 199, 202, 203, 207, 208, 214, 215, 221, 224, 225, 226, 231, 232, 233, 243, 246, 247, 248, 251, 254, 255, 256, 257, 262, 277, 278, 279, 281, 282, 283, 284, 287, 288, 289, 291, 292, 293, 294, 295, 296, 299, 300, 306, 307, 309, 346, 347, 348, 350, 351, 354, 355, 356, 358, 359, 362, 363, 369, 370, 372, 392, 393, 394, 396, 397, 398, 399, 400, 403, 404, 405, 407, 408, 409, 412, 413, 419, 420, 422, 425, 426, 430, 431, 435, 436, 440, 445, 447, 459, 460, 461, 463, 464, 467, 468, 469, 471, 472, 473, 474, 475, 478, 479, 480, 482, 483, 486, 487, 493, 494, 496, 499, 502, 505, 516], "summary": {"covered_lines": 181, "num_statements": 212, "percent_covered": 85.37735849056604, "percent_covered_display": "85", "missing_lines": 31, "excluded_lines": 0}, "missing_lines": [74, 75, 83, 87, 204, 209, 216, 236, 239, 312, 313, 314, 317, 318, 320, 321, 322, 323, 326, 327, 328, 329, 331, 375, 376, 377, 380, 382, 427, 432, 437], "excluded_lines": [], "functions": {"UploadSimulationUseCase.__init__": {"executed_lines": [62, 63], "summary": {"covered_lines": 2, "num_statements": 2, "percent_covered": 100.0, "percent_covered_display": "100", "missing_lines": 0, "excluded_lines": 0}, "missing_lines": [], "excluded_lines": []}, "UploadSimulationUseCase.execute": {"executed_lines": [68, 69, 72, 73, 78, 79, 82, 86, 90, 92], "summary": {"covered_lines": 10, "num_statements": 14, "percent_covered": 71.42857142857143, "percent_covered_display": "71", "missing_lines": 4, "excluded_lines": 0}, "missing_lines": [74, 75, 83, 87], "excluded_lines": []}, "GetSimulationUseCase.__init__": {"executed_lines": [136], "summary": {"covered_lines": 1, "num_statements": 1, "percent_covered": 100.0, "percent_covered_display": "100", "missing_lines": 0, "excluded_lines": 0}, "missing_lines": [], "excluded_lines": []}, "GetSimulationUseCase.execute": {"executed_lines": [140, 142, 143, 145], "summary": {"covered_lines": 4, "num_statements": 4, "percent_covered": 100.0, "percent_covered_display": "100", "missing_lines": 0, "excluded_lines": 0}, "missing_lines": [], "excluded_lines": []}, "AnalyzeFieldUseCase.__init__": {"executed_lines": [197], "summary": {"covered_lines": 1, "num_statements": 1, "percent_covered": 100.0, "percent_covered_display": "100", "missing_lines": 0, "excluded_lines": 0}, "missing_lines": [], "excluded_lines": []}, "AnalyzeFieldUseCase.execute": {"executed_lines": [202, 203, 207, 208, 214, 215, 221, 224, 225, 226, 231, 232, 233, 243, 246, 247, 248, 251, 254, 255, 256, 257, 262], "summary": {"covered_lines": 23, "num_statements": 28, "percent_covered": 82.14285714285714, "percent_covered_display": "82", "missing_lines": 5, "excluded_lines": 0}, "missing_lines": [204, 209, 216, 236, 239], "excluded_lines": []}, "CompareTimestepsUseCase.__init__": {"executed_lines": [307], "summary": {"covered_lines": 1, "num_statements": 1, "percent_covered": 100.0, "percent_covered_display": "100", "missing_lines": 0, "excluded_lines": 0}, "missing_lines": [], "excluded_lines": []}, "CompareTimestepsUseCase.execute": {"executed_lines": [], "summary": {"covered_lines": 0, "num_statements": 14, "percent_covered": 0.0, "percent_covered_display": "0", "missing_lines": 14, "excluded_lines": 0}, "missing_lines": [312, 313, 314, 317, 318, 320, 321, 322, 323, 326, 327, 328, 329, 331], "excluded_lines": []}, "ComputeConvergenceUseCase.__init__": {"executed_lines": [370], "summary": {"covered_lines": 1, "num_statements": 1, "percent_covered": 100.0, "percent_covered_display": "100", "missing_lines": 0, "excluded_lines": 0}, "missing_lines": [], "excluded_lines": []}, "ComputeConvergenceUseCase.execute": {"executed_lines": [], "summary": {"covered_lines": 0, "num_statements": 5, "percent_covered": 0.0, "percent_covered_display": "0", "missing_lines": 5, "excluded_lines": 0}, "missing_lines": [375, 376, 377, 380, 382], "excluded_lines": []}, "SpatialAnalysisUseCase.__init__": {"executed_lines": [420], "summary": {"covered_lines": 1, "num_statements": 1, "percent_covered": 100.0, "percent_covered_display": "100", "missing_lines": 0, "excluded_lines": 0}, "missing_lines": [], "excluded_lines": []}, "SpatialAnalysisUseCase.execute": {"executed_lines": [425, 426, 430, 431, 435, 436, 440, 445, 447], "summary": {"covered_lines": 9, "num_statements": 12, "percent_covered": 75.0, "percent_covered_display": "75", "missing_lines": 3, "excluded_lines": 0}, "missing_lines": [427, 432, 437], "excluded_lines": []}, "ListSimulationsUseCase.__init__": {"executed_lines": [494], "summary": {"covered_lines": 1, "num_statements": 1, "percent_covered": 100.0, "percent_covered_display": "100", "missing_lines": 0, "excluded_lines": 0}, "missing_lines": [], "excluded_lines": []}, "ListSimulationsUseCase.execute": {"executed_lines": [499, 502, 505, 516], "summary": {"covered_lines": 4, "num_statements": 4, "percent_covered": 100.0, "percent_covered_display": "100", "missing_lines": 0, "excluded_lines": 0}, "missing_lines": [], "excluded_lines": []}, "": {"executed_lines": [1, 7, 8, 9, 11, 13, 14, 20, 28, 29, 30, 32, 33, 34, 35, 38, 39, 40, 42, 43, 44, 45, 46, 47, 50, 51, 57, 65, 107, 108, 109, 111, 114, 115, 116, 118, 119, 120, 121, 122, 123, 124, 125, 128, 129, 135, 138, 162, 163, 164, 166, 167, 168, 169, 170, 171, 172, 173, 174, 177, 178, 179, 181, 182, 183, 184, 185, 186, 189, 190, 196, 199, 277, 278, 279, 281, 282, 283, 284, 287, 288, 289, 291, 292, 293, 294, 295, 296, 299, 300, 306, 309, 346, 347, 348, 350, 351, 354, 355, 356, 358, 359, 362, 363, 369, 372, 392, 393, 394, 396, 397, 398, 399, 400, 403, 404, 405, 407, 408, 409, 412, 413, 419, 422, 459, 460, 461, 463, 464, 467, 468, 469, 471, 472, 473, 474, 475, 478, 479, 480, 482, 483, 486, 487, 493, 496], "summary": {"covered_lines": 123, "num_statements": 123, "percent_covered": 100.0, "percent_covered_display": "100", "missing_lines": 0, "excluded_lines": 0}, "missing_lines": [], "excluded_lines": []}}, "classes": {"UploadSimulationRequest": {"executed_lines": [], "summary": {"covered_lines": 0, "num_statements": 0, "percent_covered": 100.0, "percent_covered_display": "100", "missing_lines": 0, "excluded_lines": 0}, "missing_lines": [], "excluded_lines": []}, "UploadSimulationResponse": {"executed_lines": [], "summary": {"covered_lines": 0, "num_statements": 0, "percent_covered": 100.0, "percent_covered_display": "100", "missing_lines": 0, "excluded_lines": 0}, "missing_lines": [], "excluded_lines": []}, "UploadSimulationUseCase": {"executed_lines": [62, 63, 68, 69, 72, 73, 78, 79, 82, 86, 90, 92], "summary": {"covered_lines": 12, "num_statements": 16, "percent_covered": 75.0, "percent_covered_display": "75", "missing_lines": 4, "excluded_lines": 0}, "missing_lines": [74, 75, 83, 87], "excluded_lines": []}, "GetSimulationRequest": {"executed_lines": [], "summary": {"covered_lines": 0, "num_statements": 0, "percent_covered": 100.0, "percent_covered_display": "100", "missing_lines": 0, "excluded_lines": 0}, "missing_lines": [], "excluded_lines": []}, "GetSimulationResponse": {"executed_lines": [], "summary": {"covered_lines": 0, "num_statements": 0, "percent_covered": 100.0, "percent_covered_display": "100", "missing_lines": 0, "excluded_lines": 0}, "missing_lines": [], "excluded_lines": []}, "GetSimulationUseCase": {"executed_lines": [136, 140, 142, 143, 145], "summary": {"covered_lines": 5, "num_statements": 5, "percent_covered": 100.0, "percent_covered_display": "100", "missing_lines": 0, "excluded_lines": 0}, "missing_lines": [], "excluded_lines": []}, "AnalyzeFieldRequest": {"executed_lines": [], "summary": {"covered_lines": 0, "num_statements": 0, "percent_covered": 100.0, "percent_covered_display": "100", "missing_lines": 0, "excluded_lines": 0}, "missing_lines": [], "excluded_lines": []}, "AnalyzeFieldResponse": {"executed_lines": [], "summary": {"covered_lines": 0, "num_statements": 0, "percent_covered": 100.0, "percent_covered_display": "100", "missing_lines": 0, "excluded_lines": 0}, "missing_lines": [], "excluded_lines": []}, "AnalyzeFieldUseCase": {"executed_lines": [197, 202, 203, 207, 208, 214, 215, 221, 224, 225, 226, 231, 232, 233, 243, 246, 247, 248, 251, 254, 255, 256, 257, 262], "summary": {"covered_lines": 24, "num_statements": 29, "percent_covered": 82.75862068965517, "percent_covered_display": "83", "missing_lines": 5, "excluded_lines": 0}, "missing_lines": [204, 209, 216, 236, 239], "excluded_lines": []}, "CompareTimestepsRequest": {"executed_lines": [], "summary": {"covered_lines": 0, "num_statements": 0, "percent_covered": 100.0, "percent_covered_display": "100", "missing_lines": 0, "excluded_lines": 0}, "missing_lines": [], "excluded_lines": []}, "CompareTimestepsResponse": {"executed_lines": [], "summary": {"covered_lines": 0, "num_statements": 0, "percent_covered": 100.0, "percent_covered_display": "100", "missing_lines": 0, "excluded_lines": 0}, "missing_lines": [], "excluded_lines": []}, "CompareTimestepsUseCase": {"executed_lines": [307], "summary": {"covered_lines": 1, "num_statements": 15, "percent_covered": 6.666666666666667, "percent_covered_display": "7", "missing_lines": 14, "excluded_lines": 0}, "missing_lines": [312, 313, 314, 317, 318, 320, 321, 322, 323, 326, 327, 328, 329, 331], "excluded_lines": []}, "ComputeConvergenceRequest": {"executed_lines": [], "summary": {"covered_lines": 0, "num_statements": 0, "percent_covered": 100.0, "percent_covered_display": "100", "missing_lines": 0, "excluded_lines": 0}, "missing_lines": [], "excluded_lines": []}, "ComputeConvergenceResponse": {"executed_lines": [], "summary": {"covered_lines": 0, "num_statements": 0, "percent_covered": 100.0, "percent_covered_display": "100", "missing_lines": 0, "excluded_lines": 0}, "missing_lines": [], "excluded_lines": []}, "ComputeConvergenceUseCase": {"executed_lines": [370], "summary": {"covered_lines": 1, "num_statements": 6, "percent_covered": 16.666666666666668, "percent_covered_display": "17", "missing_lines": 5, "excluded_lines": 0}, "missing_lines": [375, 376, 377, 380, 382], "excluded_lines": []}, "SpatialAnalysisRequest": {"executed_lines": [], "summary": {"covered_lines": 0, "num_statements": 0, "percent_covered": 100.0, "percent_covered_display": "100", "missing_lines": 0, "excluded_lines": 0}, "missing_lines": [], "excluded_lines": []}, "SpatialAnalysisResponse": {"executed_lines": [], "summary": {"covered_lines": 0, "num_statements": 0, "percent_covered": 100.0, "percent_covered_display": "100", "missing_lines": 0, "excluded_lines": 0}, "missing_lines": [], "excluded_lines": []}, "SpatialAnalysisUseCase": {"executed_lines": [420, 425, 426, 430, 431, 435, 436, 440, 445, 447], "summary": {"covered_lines": 10, "num_statements": 13, "percent_covered": 76.92307692307692, "percent_covered_display": "77", "missing_lines": 3, "excluded_lines": 0}, "missing_lines": [427, 432, 437], "excluded_lines": []}, "ListSimulationsRequest": {"executed_lines": [], "summary": {"covered_lines": 0, "num_statements": 0, "percent_covered": 100.0, "percent_covered_display": "100", "missing_lines": 0, "excluded_lines": 0}, "missing_lines": [], "excluded_lines": []}, "SimulationSummary": {"executed_lines": [], "summary": {"covered_lines": 0, "num_statements": 0, "percent_covered": 100.0, "percent_covered_display": "100", "missing_lines": 0, "excluded_lines": 0}, "missing_lines": [], "excluded_lines": []}, "ListSimulationsResponse": {"executed_lines": [], "summary": {"covered_lines": 0, "num_statements": 0, "percent_covered": 100.0, "percent_covered_display": "100", "missing_lines": 0, "excluded_lines": 0}, "missing_lines": [], "excluded_lines": []}, "ListSimulationsUseCase": {"executed_lines": [494, 499, 502, 505, 516], "summary": {"covered_lines": 5, "num_statements": 5, "percent_covered": 100.0, "percent_covered_display": "100", "missing_lines": 0, "excluded_lines": 0}, "missing_lines": [], "excluded_lines": []}, "": {"executed_lines": [1, 7, 8, 9, 11, 13, 14, 20, 28, 29, 30, 32, 33, 34, 35, 38, 39, 40, 42, 43, 44, 45, 46, 47, 50, 51, 57, 65, 107, 108, 109, 111, 114, 115, 116, 118, 119, 120, 121, 122, 123, 124, 125, 128, 129, 135, 138, 162, 163, 164, 166, 167, 168, 169, 170, 171, 172, 173, 174, 177, 178, 179, 181, 182, 183, 184, 185, 186, 189, 190, 196, 199, 277, 278, 279, 281, 282, 283, 284, 287, 288, 289, 291, 292, 293, 294, 295, 296, 299, 300, 306, 309, 346, 347, 348, 350, 351, 354, 355, 356, 358, 359, 362, 363, 369, 372, 392, 393, 394, 396, 397, 398, 399, 400, 403, 404, 405, 407, 408, 409, 412, 413, 419, 422, 459, 460, 461, 463, 464, 467, 468, 469, 471, 472, 473, 474, 475, 478, 479, 480, 482, 483, 486, 487, 493, 496], "summary": {"covered_lines": 123, "num_statements": 123, "percent_covered": 100.0, "percent_covered_display": "100", "missing_lines": 0, "excluded_lines": 0}, "missing_lines": [], "excluded_lines": []}}}, "src/core/__init__.py": {"executed_lines": [1, 8, 10], "summary": {"covered_lines": 2, "num_statements": 2, "percent_covered": 100.0, "percent_covered_display": "100", "missing_lines": 0, "excluded_lines": 0}, "missing_lines": [], "excluded_lines": [], "functions": {"": {"executed_lines": [1, 8, 10], "summary": {"covered_lines": 2, "num_statements": 2, "percent_covered": 100.0, "percent_covered_display": "100", "missing_lines": 0, "excluded_lines": 0}, "missing_lines": [], "excluded_lines": []}}, "classes": {"": {"executed_lines": [1, 8, 10], "summary": {"covered_lines": 2, "num_statements": 2, "percent_covered": 100.0, "percent_covered_display": "100", "missing_lines": 0, "excluded_lines": 0}, "missing_lines": [], "excluded_lines": []}}}, "src/core/advanced_analysis/__init__.py": {"executed_lines": [1, 12, 13, 14, 15, 16, 17, 23], "summary": {"covered_lines": 7, "num_statements": 7, "percent_covered": 100.0, "percent_covered_display": "100", "missing_lines": 0, "excluded_lines": 0}, "missing_lines": [], "excluded_lines": [], "functions": {"": {"executed_lines": [1, 12, 13, 14, 15, 16, 17, 23], "summary": {"covered_lines": 7, "num_statements": 7, "percent_covered": 100.0, "percent_covered_display": "100", "missing_lines": 0, "excluded_lines": 0}, "missing_lines": [], "excluded_lines": []}}, "classes": {"": {"executed_lines": [1, 12, 13, 14, 15, 16, 17, 23], "summary": {"covered_lines": 7, "num_statements": 7, "percent_covered": 100.0, "percent_covered_display": "100", "missing_lines": 0, "excluded_lines": 0}, "missing_lines": [], "excluded_lines": []}}}, "src/core/advanced_analysis/correlation.py": {"executed_lines": [1, 7, 8, 9, 12, 13, 19, 38, 39, 40, 42, 43, 45, 49, 51, 82, 113, 124, 125, 127, 141, 171, 185, 186, 188, 189, 191, 192, 193, 195, 196, 199, 200, 202, 203, 205, 207, 217, 220, 232, 233, 236], "summary": {"covered_lines": 40, "num_statements": 61, "percent_covered": 65.57377049180327, "percent_covered_display": "66", "missing_lines": 21, "excluded_lines": 0}, "missing_lines": [47, 70, 71, 73, 80, 101, 102, 104, 111, 138, 139, 154, 157, 158, 159, 162, 165, 167, 169, 250, 251], "excluded_lines": [], "functions": {"CorrelationAnalyzer.compute_cross_correlation": {"executed_lines": [38, 39, 40, 42, 43, 45, 49], "summary": {"covered_lines": 7, "num_statements": 8, "percent_covered": 87.5, "percent_covered_display": "88", "missing_lines": 1, "excluded_lines": 0}, "missing_lines": [47], "excluded_lines": []}, "CorrelationAnalyzer.compute_coherence": {"executed_lines": [], "summary": {"covered_lines": 0, "num_statements": 4, "percent_covered": 0.0, "percent_covered_display": "0", "missing_lines": 4, "excluded_lines": 0}, "missing_lines": [70, 71, 73, 80], "excluded_lines": []}, "CorrelationAnalyzer.compute_cross_spectrum": {"executed_lines": [], "summary": {"covered_lines": 0, "num_statements": 4, "percent_covered": 0.0, "percent_covered_display": "0", "missing_lines": 4, "excluded_lines": 0}, "missing_lines": [101, 102, 104, 111], "excluded_lines": []}, "CorrelationAnalyzer.compute_pearson_correlation": {"executed_lines": [124, 125], "summary": {"covered_lines": 2, "num_statements": 2, "percent_covered": 100.0, "percent_covered_display": "100", "missing_lines": 0, "excluded_lines": 0}, "missing_lines": [], "excluded_lines": []}, "CorrelationAnalyzer.compute_spearman_correlation": {"executed_lines": [], "summary": {"covered_lines": 0, "num_statements": 2, "percent_covered": 0.0, "percent_covered_display": "0", "missing_lines": 2, "excluded_lines": 0}, "missing_lines": [138, 139], "excluded_lines": []}, "CorrelationAnalyzer.compute_mutual_information": {"executed_lines": [], "summary": {"covered_lines": 0, "num_statements": 8, "percent_covered": 0.0, "percent_covered_display": "0", "missing_lines": 8, "excluded_lines": 0}, "missing_lines": [154, 157, 158, 159, 162, 165, 167, 169], "excluded_lines": []}, "CorrelationAnalyzer.compute_lagged_correlation": {"executed_lines": [185, 186, 188, 189, 191, 192, 193, 195, 196, 199, 200, 202, 203, 205], "summary": {"covered_lines": 14, "num_statements": 14, "percent_covered": 100.0, "percent_covered_display": "100", "missing_lines": 0, "excluded_lines": 0}, "missing_lines": [], "excluded_lines": []}, "CorrelationAnalyzer.compute_correlation_matrix": {"executed_lines": [217], "summary": {"covered_lines": 1, "num_statements": 1, "percent_covered": 100.0, "percent_covered_display": "100", "missing_lines": 0, "excluded_lines": 0}, "missing_lines": [], "excluded_lines": []}, "compute_cross_correlation": {"executed_lines": [232, 233], "summary": {"covered_lines": 2, "num_statements": 2, "percent_covered": 100.0, "percent_covered_display": "100", "missing_lines": 0, "excluded_lines": 0}, "missing_lines": [], "excluded_lines": []}, "compute_coherence": {"executed_lines": [], "summary": {"covered_lines": 0, "num_statements": 2, "percent_covered": 0.0, "percent_covered_display": "0", "missing_lines": 2, "excluded_lines": 0}, "missing_lines": [250, 251], "excluded_lines": []}, "": {"executed_lines": [1, 7, 8, 9, 12, 13, 19, 51, 82, 113, 127, 141, 171, 207, 220, 236], "summary": {"covered_lines": 14, "num_statements": 14, "percent_covered": 100.0, "percent_covered_display": "100", "missing_lines": 0, "excluded_lines": 0}, "missing_lines": [], "excluded_lines": []}}, "classes": {"CorrelationAnalyzer": {"executed_lines": [38, 39, 40, 42, 43, 45, 49, 124, 125, 185, 186, 188, 189, 191, 192, 193, 195, 196, 199, 200, 202, 203, 205, 217], "summary": {"covered_lines": 24, "num_statements": 43, "percent_covered": 55.81395348837209, "percent_covered_display": "56", "missing_lines": 19, "excluded_lines": 0}, "missing_lines": [47, 70, 71, 73, 80, 101, 102, 104, 111, 138, 139, 154, 157, 158, 159, 162, 165, 167, 169], "excluded_lines": []}, "": {"executed_lines": [1, 7, 8, 9, 12, 13, 19, 51, 82, 113, 127, 141, 171, 207, 220, 232, 233, 236], "summary": {"covered_lines": 16, "num_statements": 18, "percent_covered": 88.88888888888889, "percent_covered_display": "89", "missing_lines": 2, "excluded_lines": 0}, "missing_lines": [250, 251], "excluded_lines": []}}}, "src/core/advanced_analysis/dmd.py": {"executed_lines": [1, 7, 8, 9, 10, 13, 14, 15, 17, 18, 19, 20, 21, 22, 23, 26, 27, 33, 47, 48, 49, 51, 62, 65, 66, 68, 69, 76, 79, 80, 83, 84, 85, 86, 87, 88, 89, 90, 94, 104, 140, 152, 155, 161, 164, 167, 170, 171, 174, 176, 178, 191, 192, 195, 196, 198, 200, 201, 202, 205, 207, 222, 242, 243], "summary": {"covered_lines": 61, "num_statements": 80, "percent_covered": 76.25, "percent_covered_display": "76", "missing_lines": 19, "excluded_lines": 0}, "missing_lines": [70, 71, 73, 92, 118, 121, 122, 123, 124, 127, 130, 133, 136, 138, 156, 157, 158, 218, 219], "excluded_lines": [], "functions": {"DMDAnalyzer.__init__": {"executed_lines": [47, 48, 49], "summary": {"covered_lines": 3, "num_statements": 3, "percent_covered": 100.0, "percent_covered_display": "100", "missing_lines": 0, "excluded_lines": 0}, "missing_lines": [], "excluded_lines": []}, "DMDAnalyzer.analyze": {"executed_lines": [62, 65, 66, 68, 69, 76, 79, 80, 83, 84, 85, 86, 87, 88, 89, 90, 94], "summary": {"covered_lines": 17, "num_statements": 21, "percent_covered": 80.95238095238095, "percent_covered_display": "81", "missing_lines": 4, "excluded_lines": 0}, "missing_lines": [70, 71, 73, 92], "excluded_lines": []}, "DMDAnalyzer._standard_dmd": {"executed_lines": [], "summary": {"covered_lines": 0, "num_statements": 10, "percent_covered": 0.0, "percent_covered_display": "0", "missing_lines": 10, "excluded_lines": 0}, "missing_lines": [118, 121, 122, 123, 124, 127, 130, 133, 136, 138], "excluded_lines": []}, "DMDAnalyzer._exact_dmd": {"executed_lines": [152, 155, 161, 164, 167, 170, 171, 174, 176], "summary": {"covered_lines": 9, "num_statements": 12, "percent_covered": 75.0, "percent_covered_display": "75", "missing_lines": 3, "excluded_lines": 0}, "missing_lines": [156, 157, 158], "excluded_lines": []}, "DMDAnalyzer.reconstruct": {"executed_lines": [191, 192, 195, 196, 198, 200, 201, 202, 205], "summary": {"covered_lines": 9, "num_statements": 9, "percent_covered": 100.0, "percent_covered_display": "100", "missing_lines": 0, "excluded_lines": 0}, "missing_lines": [], "excluded_lines": []}, "DMDAnalyzer.forecast": {"executed_lines": [], "summary": {"covered_lines": 0, "num_statements": 2, "percent_covered": 0.0, "percent_covered_display": "0", "missing_lines": 2, "excluded_lines": 0}, "missing_lines": [218, 219], "excluded_lines": []}, "compute_dmd": {"executed_lines": [242, 243], "summary": {"covered_lines": 2, "num_statements": 2, "percent_covered": 100.0, "percent_covered_display": "100", "missing_lines": 0, "excluded_lines": 0}, "missing_lines": [], "excluded_lines": []}, "": {"executed_lines": [1, 7, 8, 9, 10, 13, 14, 15, 17, 18, 19, 20, 21, 22, 23, 26, 27, 33, 51, 104, 140, 178, 207, 222], "summary": {"covered_lines": 21, "num_statements": 21, "percent_covered": 100.0, "percent_covered_display": "100", "missing_lines": 0, "excluded_lines": 0}, "missing_lines": [], "excluded_lines": []}}, "classes": {"DMDResult": {"executed_lines": [], "summary": {"covered_lines": 0, "num_statements": 0, "percent_covered": 100.0, "percent_covered_display": "100", "missing_lines": 0, "excluded_lines": 0}, "missing_lines": [], "excluded_lines": []}, "DMDAnalyzer": {"executed_lines": [47, 48, 49, 62, 65, 66, 68, 69, 76, 79, 80, 83, 84, 85, 86, 87, 88, 89, 90, 94, 152, 155, 161, 164, 167, 170, 171, 174, 176, 191, 192, 195, 196, 198, 200, 201, 202, 205], "summary": {"covered_lines": 38, "num_statements": 57, "percent_covered": 66.66666666666667, "percent_covered_display": "67", "missing_lines": 19, "excluded_lines": 0}, "missing_lines": [70, 71, 73, 92, 118, 121, 122, 123, 124, 127, 130, 133, 136, 138, 156, 157, 158, 218, 219], "excluded_lines": []}, "": {"executed_lines": [1, 7, 8, 9, 10, 13, 14, 15, 17, 18, 19, 20, 21, 22, 23, 26, 27, 33, 51, 104, 140, 178, 207, 222, 242, 243], "summary": {"covered_lines": 23, "num_statements": 23, "percent_covered": 100.0, "percent_covered_display": "100", "missing_lines": 0, "excluded_lines": 0}, "missing_lines": [], "excluded_lines": []}}}, "src/core/advanced_analysis/fft.py": {"executed_lines": [1, 7, 8, 9, 10, 11, 14, 15, 16, 18, 19, 20, 21, 22, 23, 26, 27, 33, 41, 42, 44, 56, 59, 60, 61, 71, 72, 75, 78, 79, 81, 90, 107, 108, 110, 111, 113, 121, 123, 125, 126, 128, 130, 131, 139, 142, 158, 159, 162, 180, 181, 182, 184, 199, 202], "summary": {"covered_lines": 52, "num_statements": 69, "percent_covered": 75.3623188405797, "percent_covered_display": "75", "missing_lines": 17, "excluded_lines": 0}, "missing_lines": [63, 64, 66, 67, 68, 132, 133, 134, 135, 137, 190, 191, 197, 220, 221, 223, 230], "excluded_lines": [], "functions": {"FFTAnalyzer.__init__": {"executed_lines": [41, 42], "summary": {"covered_lines": 2, "num_statements": 2, "percent_covered": 100.0, "percent_covered_display": "100", "missing_lines": 0, "excluded_lines": 0}, "missing_lines": [], "excluded_lines": []}, "FFTAnalyzer.analyze": {"executed_lines": [56, 59, 60, 61, 71, 72, 75, 78, 79, 81], "summary": {"covered_lines": 10, "num_statements": 15, "percent_covered": 66.66666666666667, "percent_covered_display": "67", "missing_lines": 5, "excluded_lines": 0}, "missing_lines": [63, 64, 66, 67, 68], "excluded_lines": []}, "FFTAnalyzer.compute_spectrogram": {"executed_lines": [107, 108, 110, 111, 113, 121], "summary": {"covered_lines": 6, "num_statements": 6, "percent_covered": 100.0, "percent_covered_display": "100", "missing_lines": 0, "excluded_lines": 0}, "missing_lines": [], "excluded_lines": []}, "FFTAnalyzer._apply_window": {"executed_lines": [125, 126, 128, 130, 131, 139], "summary": {"covered_lines": 6, "num_statements": 11, "percent_covered": 54.54545454545455, "percent_covered_display": "55", "missing_lines": 5, "excluded_lines": 0}, "missing_lines": [132, 133, 134, 135, 137], "excluded_lines": []}, "compute_fft": {"executed_lines": [158, 159], "summary": {"covered_lines": 2, "num_statements": 2, "percent_covered": 100.0, "percent_covered_display": "100", "missing_lines": 0, "excluded_lines": 0}, "missing_lines": [], "excluded_lines": []}, "compute_power_spectrum": {"executed_lines": [180, 181, 182, 184, 199], "summary": {"covered_lines": 5, "num_statements": 8, "percent_covered": 62.5, "percent_covered_display": "62", "missing_lines": 3, "excluded_lines": 0}, "missing_lines": [190, 191, 197], "excluded_lines": []}, "compute_coherence": {"executed_lines": [], "summary": {"covered_lines": 0, "num_statements": 4, "percent_covered": 0.0, "percent_covered_display": "0", "missing_lines": 4, "excluded_lines": 0}, "missing_lines": [220, 221, 223, 230], "excluded_lines": []}, "": {"executed_lines": [1, 7, 8, 9, 10, 11, 14, 15, 16, 18, 19, 20, 21, 22, 23, 26, 27, 33, 44, 90, 123, 142, 162, 202], "summary": {"covered_lines": 21, "num_statements": 21, "percent_covered": 100.0, "percent_covered_display": "100", "missing_lines": 0, "excluded_lines": 0}, "missing_lines": [], "excluded_lines": []}}, "classes": {"FFTResult": {"executed_lines": [], "summary": {"covered_lines": 0, "num_statements": 0, "percent_covered": 100.0, "percent_covered_display": "100", "missing_lines": 0, "excluded_lines": 0}, "missing_lines": [], "excluded_lines": []}, "FFTAnalyzer": {"executed_lines": [41, 42, 56, 59, 60, 61, 71, 72, 75, 78, 79, 81, 107, 108, 110, 111, 113, 121, 125, 126, 128, 130, 131, 139], "summary": {"covered_lines": 24, "num_statements": 34, "percent_covered": 70.58823529411765, "percent_covered_display": "71", "missing_lines": 10, "excluded_lines": 0}, "missing_lines": [63, 64, 66, 67, 68, 132, 133, 134, 135, 137], "excluded_lines": []}, "": {"executed_lines": [1, 7, 8, 9, 10, 11, 14, 15, 16, 18, 19, 20, 21, 22, 23, 26, 27, 33, 44, 90, 123, 142, 158, 159, 162, 180, 181, 182, 184, 199, 202], "summary": {"covered_lines": 28, "num_statements": 35, "percent_covered": 80.0, "percent_covered_display": "80", "missing_lines": 7, "excluded_lines": 0}, "missing_lines": [190, 191, 197, 220, 221, 223, 230], "excluded_lines": []}}}, "src/core/advanced_analysis/pod.py": {"executed_lines": [1, 8, 9, 10, 11, 14, 15, 16, 18, 19, 20, 21, 22, 23, 26, 27, 33, 47, 48, 49, 51, 62, 65, 66, 67, 73, 74, 83, 85, 87, 89, 92, 93, 94, 95, 97, 106, 117, 119, 120, 121, 123, 125, 159, 186, 197, 198, 203, 206, 208, 211, 229, 230], "summary": {"covered_lines": 50, "num_statements": 78, "percent_covered": 64.1025641025641, "percent_covered_display": "64", "missing_lines": 28, "excluded_lines": 0}, "missing_lines": [69, 70, 75, 76, 77, 78, 80, 136, 139, 142, 143, 144, 147, 150, 151, 152, 153, 155, 157, 170, 173, 176, 177, 178, 181, 182, 184, 200], "excluded_lines": [], "functions": {"PODAnalyzer.__init__": {"executed_lines": [47, 48, 49], "summary": {"covered_lines": 3, "num_statements": 3, "percent_covered": 100.0, "percent_covered_display": "100", "missing_lines": 0, "excluded_lines": 0}, "missing_lines": [], "excluded_lines": []}, "PODAnalyzer.analyze": {"executed_lines": [62, 65, 66, 67, 73, 74, 83, 85, 87, 89, 92, 93, 94, 95, 97], "summary": {"covered_lines": 15, "num_statements": 22, "percent_covered": 68.18181818181819, "percent_covered_display": "68", "missing_lines": 7, "excluded_lines": 0}, "missing_lines": [69, 70, 75, 76, 77, 78, 80], "excluded_lines": []}, "PODAnalyzer._svd_method": {"executed_lines": [117, 119, 120, 121, 123], "summary": {"covered_lines": 5, "num_statements": 5, "percent_covered": 100.0, "percent_covered_display": "100", "missing_lines": 0, "excluded_lines": 0}, "missing_lines"
[...]
 196, 197, 200, 201, 203, 204, 206, 207, 233, 234, 236, 237, 238, 239, 242, 243, 245, 246, 247, 249, 250, 270, 271, 273, 274, 277, 278, 280, 281, 282, 283, 284, 287, 288, 290, 291, 292, 293, 294, 296, 297, 321, 322, 324, 325, 326, 328, 329, 343, 344, 346, 347, 349, 350], "summary": {"covered_lines": 110, "num_statements": 110, "percent_covered": 100.0, "percent_covered_display": "100", "missing_lines": 0, "excluded_lines": 0}, "missing_lines": [], "excluded_lines": [], "functions": {"": {"executed_lines": [1, 7, 9, 17, 18, 20, 21, 22, 25, 26, 28, 29, 30, 31, 32, 33, 35, 36, 53, 54, 56, 57, 58, 59, 60, 61, 62, 63, 65, 66, 85, 86, 88, 89, 90, 91, 92, 93, 94, 95, 97, 98, 110, 111, 113, 114, 115, 116, 117, 118, 120, 121, 144, 145, 147, 148, 149, 152, 153, 155, 156, 157, 158, 159, 160, 162, 163, 185, 186, 188, 191, 192, 194, 195, 196, 197, 200, 201, 203, 204, 206, 207, 233, 234, 236, 237, 238, 239, 242, 243, 245, 246, 247, 249, 250, 270, 271, 273, 274, 277, 278, 280, 281, 282, 283, 284, 287, 288, 290, 291, 292, 293, 294, 296, 297, 321, 322, 324, 325, 326, 328, 329, 343, 344, 346, 347, 349, 350], "summary": {"covered_lines": 110, "num_statements": 110, "percent_covered": 100.0, "percent_covered_display": "100", "missing_lines": 0, "excluded_lines": 0}, "missing_lines": [], "excluded_lines": []}}, "classes": {"UploadSimulationRequest": {"executed_lines": [], "summary": {"covered_lines": 0, "num_statements": 0, "percent_covered": 100.0, "percent_covered_display": "100", "missing_lines": 0, "excluded_lines": 0}, "missing_lines": [], "excluded_lines": []}, "UploadSimulationResponse": {"executed_lines": [], "summary": {"covered_lines": 0, "num_statements": 0, "percent_covered": 100.0, "percent_covered_display": "100", "missing_lines": 0, "excluded_lines": 0}, "missing_lines": [], "excluded_lines": []}, "UploadSimulationResponse.Config": {"executed_lines": [], "summary": {"covered_lines": 0, "num_statements": 0, "percent_covered": 100.0, "percent_covered_display": "100", "missing_lines": 0, "excluded_lines": 0}, "missing_lines": [], "excluded_lines": []}, "SimulationInfoResponse": {"executed_lines": [], "summary": {"covered_lines": 0, "num_statements": 0, "percent_covered": 100.0, "percent_covered_display": "100", "missing_lines": 0, "excluded_lines": 0}, "missing_lines": [], "excluded_lines": []}, "SimulationInfoResponse.Config": {"executed_lines": [], "summary": {"covered_lines": 0, "num_statements": 0, "percent_covered": 100.0, "percent_covered_display": "100", "missing_lines": 0, "excluded_lines": 0}, "missing_lines": [], "excluded_lines": []}, "AnalyzeFieldRequest": {"executed_lines": [], "summary": {"covered_lines": 0, "num_statements": 0, "percent_covered": 100.0, "percent_covered_display": "100", "missing_lines": 0, "excluded_lines": 0}, "missing_lines": [], "excluded_lines": []}, "AnalyzeFieldRequest.Config": {"executed_lines": [], "summary": {"covered_lines": 0, "num_statements": 0, "percent_covered": 100.0, "percent_covered_display": "100", "missing_lines": 0, "excluded_lines": 0}, "missing_lines": [], "excluded_lines": []}, "AnalyzeFieldResponse": {"executed_lines": [], "summary": {"covered_lines": 0, "num_statements": 0, "percent_covered": 100.0, "percent_covered_display": "100", "missing_lines": 0, "excluded_lines": 0}, "missing_lines": [], "excluded_lines": []}, "AnalyzeFieldResponse.Config": {"executed_lines": [], "summary": {"covered_lines": 0, "num_statements": 0, "percent_covered": 100.0, "percent_covered_display": "100", "missing_lines": 0, "excluded_lines": 0}, "missing_lines": [], "excluded_lines": []}, "CompareTimestepsRequest": {"executed_lines": [], "summary": {"covered_lines": 0, "num_statements": 0, "percent_covered": 100.0, "percent_covered_display": "100", "missing_lines": 0, "excluded_lines": 0}, "missing_lines": [], "excluded_lines": []}, "CompareTimestepsResponse": {"executed_lines": [], "summary": {"covered_lines": 0, "num_statements": 0, "percent_covered": 100.0, "percent_covered_display": "100", "missing_lines": 0, "excluded_lines": 0}, "missing_lines": [], "excluded_lines": []}, "CompareTimestepsResponse.Config": {"executed_lines": [], "summary": {"covered_lines": 0, "num_statements": 0, "percent_covered": 100.0, "percent_covered_display": "100", "missing_lines": 0, "excluded_lines": 0}, "missing_lines": [], "excluded_lines": []}, "ComputeConvergenceRequest": {"executed_lines": [], "summary": {"covered_lines": 0, "num_statements": 0, "percent_covered": 100.0, "percent_covered_display": "100", "missing_lines": 0, "excluded_lines": 0}, "missing_lines": [], "excluded_lines": []}, "ConvergenceDataPoint": {"executed_lines": [], "summary": {"covered_lines": 0, "num_statements": 0, "percent_covered": 100.0, "percent_covered_display": "100", "missing_lines": 0, "excluded_lines": 0}, "missing_lines": [], "excluded_lines": []}, "ComputeConvergenceResponse": {"executed_lines": [], "summary": {"covered_lines": 0, "num_statements": 0, "percent_covered": 100.0, "percent_covered_display": "100", "missing_lines": 0, "excluded_lines": 0}, "missing_lines": [], "excluded_lines": []}, "ComputeConvergenceResponse.Config": {"executed_lines": [], "summary": {"covered_lines": 0, "num_statements": 0, "percent_covered": 100.0, "percent_covered_display": "100", "missing_lines": 0, "excluded_lines": 0}, "missing_lines": [], "excluded_lines": []}, "SpatialAnalysisRequest": {"executed_lines": [], "summary": {"covered_lines": 0, "num_statements": 0, "percent_covered": 100.0, "percent_covered_display": "100", "missing_lines": 0, "excluded_lines": 0}, "missing_lines": [], "excluded_lines": []}, "SpatialAnalysisResponse": {"executed_lines": [], "summary": {"covered_lines": 0, "num_statements": 0, "percent_covered": 100.0, "percent_covered_display": "100", "missing_lines": 0, "excluded_lines": 0}, "missing_lines": [], "excluded_lines": []}, "SpatialAnalysisResponse.Config": {"executed_lines": [], "summary": {"covered_lines": 0, "num_statements": 0, "percent_covered": 100.0, "percent_covered_display": "100", "missing_lines": 0, "excluded_lines": 0}, "missing_lines": [], "excluded_lines": []}, "ListSimulationsRequest": {"executed_lines": [], "summary": {"covered_lines": 0, "num_statements": 0, "percent_covered": 100.0, "percent_covered_display": "100", "missing_lines": 0, "excluded_lines": 0}, "missing_lines": [], "excluded_lines": []}, "SimulationSummary": {"executed_lines": [], "summary": {"covered_lines": 0, "num_statements": 0, "percent_covered": 100.0, "percent_covered_display": "100", "missing_lines": 0, "excluded_lines": 0}, "missing_lines": [], "excluded_lines": []}, "ListSimulationsResponse": {"executed_lines": [], "summary": {"covered_lines": 0, "num_statements": 0, "percent_covered": 100.0, "percent_covered_display": "100", "missing_lines": 0, "excluded_lines": 0}, "missing_lines": [], "excluded_lines": []}, "ListSimulationsResponse.Config": {"executed_lines": [], "summary": {"covered_lines": 0, "num_statements": 0, "percent_covered": 100.0, "percent_covered_display": "100", "missing_lines": 0, "excluded_lines": 0}, "missing_lines": [], "excluded_lines": []}, "ErrorResponse": {"executed_lines": [], "summary": {"covered_lines": 0, "num_statements": 0, "percent_covered": 100.0, "percent_covered_display": "100", "missing_lines": 0, "excluded_lines": 0}, "missing_lines": [], "excluded_lines": []}, "ErrorResponse.Config": {"executed_lines": [], "summary": {"covered_lines": 0, "num_statements": 0, "percent_covered": 100.0, "percent_covered_display": "100", "missing_lines": 0, "excluded_lines": 0}, "missing_lines": [], "excluded_lines": []}, "SuccessResponse": {"executed_lines": [], "summary": {"covered_lines": 0, "num_statements": 0, "percent_covered": 100.0, "percent_covered_display": "100", "missing_lines": 0, "excluded_lines": 0}, "missing_lines": [], "excluded_lines": []}, "SuccessResponse.Config": {"executed_lines": [], "summary": {"covered_lines": 0, "num_statements": 0, "percent_covered": 100.0, "percent_covered_display": "100", "missing_lines": 0, "excluded_lines": 0}, "missing_lines": [], "excluded_lines": []}, "": {"executed_lines": [1, 7, 9, 17, 18, 20, 21, 22, 25, 26, 28, 29, 30, 31, 32, 33, 35, 36, 53, 54, 56, 57, 58, 59, 60, 61, 62, 63, 65, 66, 85, 86, 88, 89, 90, 91, 92, 93, 94, 95, 97, 98, 110, 111, 113, 114, 115, 116, 117, 118, 120, 121, 144, 145, 147, 148, 149, 152, 153, 155, 156, 157, 158, 159, 160, 162, 163, 185, 186, 188, 191, 192, 194, 195, 196, 197, 200, 201, 203, 204, 206, 207, 233, 234, 236, 237, 238, 239, 242, 243, 245, 246, 247, 249, 250, 270, 271, 273, 274, 277, 278, 280, 281, 282, 283, 284, 287, 288, 290, 291, 292, 293, 294, 296, 297, 321, 322, 324, 325, 326, 328, 329, 343, 344, 346, 347, 349, 350], "summary": {"covered_lines": 110, "num_statements": 110, "percent_covered": 100.0, "percent_covered_display": "100", "missing_lines": 0, "excluded_lines": 0}, "missing_lines": [], "excluded_lines": []}}}, "src/presentation/cli/__init__.py": {"executed_lines": [1, 3, 5], "summary": {"covered_lines": 2, "num_statements": 2, "percent_covered": 100.0, "percent_covered_display": "100", "missing_lines": 0, "excluded_lines": 0}, "missing_lines": [], "excluded_lines": [], "functions": {"": {"executed_lines": [1, 3, 5], "summary": {"covered_lines": 2, "num_statements": 2, "percent_covered": 100.0, "percent_covered_display": "100", "missing_lines": 0, "excluded_lines": 0}, "missing_lines": [], "excluded_lines": []}}, "classes": {"": {"executed_lines": [1, 3, 5], "summary": {"covered_lines": 2, "num_statements": 2, "percent_covered": 100.0, "percent_covered_display": "100", "missing_lines": 0, "excluded_lines": 0}, "missing_lines": [], "excluded_lines": []}}}, "src/presentation/cli/commands.py": {"executed_lines": [1, 7, 8, 9, 11, 13, 14, 23, 27, 40, 43, 46, 47, 48, 49, 52, 53, 54, 60, 63, 64, 65, 66, 67, 68, 76, 77, 79, 81, 87, 88, 89, 90, 91, 92, 94, 112, 113, 114, 115, 123, 124, 126, 128, 132, 145, 154, 155, 156, 189, 190, 191, 192, 193, 194, 195, 196, 251, 252, 253, 254, 255, 256, 298, 299, 300, 301, 336, 337, 338, 339, 340, 341, 342, 392, 393, 394, 395, 418], "summary": {"covered_lines": 77, "num_statements": 183, "percent_covered": 42.076502732240435, "percent_covered_display": "42", "missing_lines": 106, "excluded_lines": 2}, "missing_lines": [95, 96, 97, 104, 105, 106, 107, 108, 109, 129, 130, 149, 150, 151, 163, 164, 166, 168, 181, 182, 183, 184, 185, 186, 211, 212, 214, 216, 227, 228, 230, 232, 233, 234, 235, 237, 238, 240, 241, 243, 244, 245, 246, 247, 248, 263, 264, 266, 268, 277, 279, 280, 281, 286, 287, 288, 290, 291, 292, 293, 294, 295, 308, 309, 311, 313, 320, 321, 322, 324, 326, 328, 329, 330, 331, 332, 333, 356, 357, 359, 361, 371, 373, 374, 375, 377, 378, 379, 380, 382, 384, 385, 386, 387, 388, 389, 402, 403, 405, 407, 408, 410, 411, 413, 414, 415], "excluded_lines": [418, 419], "functions": {"get_service": {"executed_lines": [46, 47, 48, 49], "summary": {"covered_lines": 4, "num_statements": 4, "percent_covered": 100.0, "percent_covered_display": "100", "missing_lines": 0, "excluded_lines": 0}, "missing_lines": [], "excluded_lines": []}, "cli": {"executed_lines": [60], "summary": {"covered_lines": 1, "num_statements": 1, "percent_covered": 100.0, "percent_covered_display": "100", "missing_lines": 0, "excluded_lines": 0}, "missing_lines": [], "excluded_lines": []}, "upload": {"executed_lines": [76, 77, 79, 81, 87, 88, 89, 90, 91, 92, 94], "summary": {"covered_lines": 11, "num_statements": 20, "percent_covered": 55.0, "percent_covered_display": "55", "missing_lines": 9, "excluded_lines": 0}, "missing_lines": [95, 96, 97, 104, 105, 106, 107, 108, 109], "excluded_lines": []}, "list": {"executed_lines": [123, 124, 126, 128, 132, 145], "summary": {"covered_lines": 6, "num_statements": 11, "percent_covered": 54.54545454545455, "percent_covered_display": "55", "missing_lines": 5, "excluded_lines": 0}, "missing_lines": [129, 130, 149, 150, 151], "excluded_lines": []}, "info": {"executed_lines": [], "summary": {"covered_lines": 0, "num_statements": 10, "percent_covered": 0.0, "percent_covered_display": "0", "missing_lines": 10, "excluded_lines": 0}, "missing_lines": [163, 164, 166, 168, 181, 182, 183, 184, 185, 186], "excluded_lines": []}, "analyze": {"executed_lines": [], "summary": {"covered_lines": 0, "num_statements": 21, "percent_covered": 0.0, "percent_covered_display": "0", "missing_lines": 21, "excluded_lines": 0}, "missing_lines": [211, 212, 214, 216, 227, 228, 230, 232, 233, 234, 235, 237, 238, 240, 241, 243, 244, 245, 246, 247, 248], "excluded_lines": []}, "compare": {"executed_lines": [], "summary": {"covered_lines": 0, "num_statements": 17, "percent_covered": 0.0, "percent_covered_display": "0", "missing_lines": 17, "excluded_lines": 0}, "missing_lines": [263, 264, 266, 268, 277, 279, 280, 281, 286, 287, 288, 290, 291, 292, 293, 294, 295], "excluded_lines": []}, "convergence": {"executed_lines": [], "summary": {"covered_lines": 0, "num_statements": 15, "percent_covered": 0.0, "percent_covered_display": "0", "missing_lines": 15, "excluded_lines": 0}, "missing_lines": [308, 309, 311, 313, 320, 321, 322, 324, 326, 328, 329, 330, 331, 332, 333], "excluded_lines": []}, "spatial": {"executed_lines": [], "summary": {"covered_lines": 0, "num_statements": 19, "percent_covered": 0.0, "percent_covered_display": "0", "missing_lines": 19, "excluded_lines": 0}, "missing_lines": [356, 357, 359, 361, 371, 373, 374, 375, 377, 378, 379, 380, 382, 384, 385, 386, 387, 388, 389], "excluded_lines": []}, "delete": {"executed_lines": [], "summary": {"covered_lines": 0, "num_statements": 10, "percent_covered": 0.0, "percent_covered_display": "0", "missing_lines": 10, "excluded_lines": 0}, "missing_lines": [402, 403, 405, 407, 408, 410, 411, 413, 414, 415], "excluded_lines": []}, "": {"executed_lines": [1, 7, 8, 9, 11, 13, 14, 23, 27, 40, 43, 52, 53, 54, 63, 64, 65, 66, 67, 68, 112, 113, 114, 115, 154, 155, 156, 189, 190, 191, 192, 193, 194, 195, 196, 251, 252, 253, 254, 255, 256, 298, 299, 300, 301, 336, 337, 338, 339, 340, 341, 342, 392, 393, 394, 395, 418], "summary": {"covered_lines": 55, "num_statements": 55, "percent_covered": 100.0, "percent_covered_display": "100", "missing_lines": 0, "excluded_lines": 2}, "missing_lines": [], "excluded_lines": [418, 419]}}, "classes": {"": {"executed_lines": [1, 7, 8, 9, 11, 13, 14, 23, 27, 40, 43, 46, 47, 48, 49, 52, 53, 54, 60, 63, 64, 65, 66, 67, 68, 76, 77, 79, 81, 87, 88, 89, 90, 91, 92, 94, 112, 113, 114, 115, 123, 124, 126, 128, 132, 145, 154, 155, 156, 189, 190, 191, 192, 193, 194, 195, 196, 251, 252, 253, 254, 255, 256, 298, 299, 300, 301, 336, 337, 338, 339, 340, 341, 342, 392, 393, 394, 395, 418], "summary": {"covered_lines": 77, "num_statements": 183, "percent_covered": 42.076502732240435, "percent_covered_display": "42", "missing_lines": 106, "excluded_lines": 2}, "missing_lines": [95, 96, 97, 104, 105, 106, 107, 108, 109, 129, 130, 149, 150, 151, 163, 164, 166, 168, 181, 182, 183, 184, 185, 186, 211, 212, 214, 216, 227, 228, 230, 232, 233, 234, 235, 237, 238, 240, 241, 243, 244, 245, 246, 247, 248, 263, 264, 266, 268, 277, 279, 280, 281, 286, 287, 288, 290, 291, 292, 293, 294, 295, 308, 309, 311, 313, 320, 321, 322, 324, 326, 328, 329, 330, 331, 332, 333, 356, 357, 359, 361, 371, 373, 374, 375, 377, 378, 379, 380, 382, 384, 385, 386, 387, 388, 389, 402, 403, 405, 407, 408, 410, 411, 413, 414, 415], "excluded_lines": [418, 419]}}}, "src/presentation/cli/utils.py": {"executed_lines": [1, 7, 9, 10, 11, 13, 16, 18, 21, 23, 26, 28, 31, 33, 36, 38, 39, 40, 41, 44, 46, 51, 52, 60, 63, 65, 66, 67, 68, 69, 70, 71, 72, 75, 77, 79, 80, 81, 83, 84, 85, 89, 92, 94, 96, 97, 98, 99, 100, 102, 103, 110, 113, 116, 117, 118, 123, 124, 125, 127, 129], "summary": {"covered_lines": 60, "num_statements": 61, "percent_covered": 98.36065573770492, "percent_covered_display": "98", "missing_lines": 1, "excluded_lines": 0}, "missing_lines": [87], "excluded_lines": [], "functions": {"print_success": {"executed_lines": [18], "summary": {"covered_lines": 1, "num_statements": 1, "percent_covered": 100.0, "percent_covered_display": "100", "missing_lines": 0, "excluded_lines": 0}, "missing_lines": [], "excluded_lines": []}, "print_error": {"executed_lines": [23], "summary": {"covered_lines": 1, "num_statements": 1, "percent_covered": 100.0, "percent_covered_display": "100", "missing_lines": 0, "excluded_lines": 0}, "missing_lines": [], "excluded_lines": []}, "print_warning": {"executed_lines": [28], "summary": {"covered_lines": 1, "num_statements": 1, "percent_covered": 100.0, "percent_covered_display": "100", "missing_lines": 0, "excluded_lines": 0}, "missing_lines": [], "excluded_lines": []}, "print_info": {"executed_lines": [33], "summary": {"covered_lines": 1, "num_statements": 1, "percent_covered": 100.0, "percent_covered_display": "100", "missing_lines": 0, "excluded_lines": 0}, "missing_lines": [], "excluded_lines": []}, "create_table": {"executed_lines": [38, 39, 40, 41], "summary": {"covered_lines": 4, "num_statements": 4, "percent_covered": 100.0, "percent_covered_display": "100", "missing_lines": 0, "excluded_lines": 0}, "missing_lines": [], "excluded_lines": []}, "print_simulation_table": {"executed_lines": [46, 51, 52, 60], "summary": {"covered_lines": 4, "num_statements": 4, "percent_covered": 100.0, "percent_covered_display": "100", "missing_lines": 0, "excluded_lines": 0}, "missing_lines": [], "excluded_lines": []}, "print_simulation_info": {"executed_lines": [65, 66, 67, 68, 69, 70, 71, 72], "summary": {"covered_lines": 8, "num_statements": 8, "percent_covered": 100.0, "percent_covered_display": "100", "missing_lines": 0, "excluded_lines": 0}, "missing_lines": [], "excluded_lines": []}, "print_field_statistics": {"executed_lines": [77, 79, 80, 81, 83, 84, 85, 89], "summary": {"covered_lines": 8, "num_statements": 9, "percent_covered": 88.88888888888889, "percent_covered_display": "89", "missing_lines": 1, "excluded_lines": 0}, "missing_lines": [87], "excluded_lines": []}, "print_convergence_data": {"executed_lines": [94, 96, 97, 98, 99, 100, 102, 103, 110], "summary": {"covered_lines": 9, "num_statements": 9, "percent_covered": 100.0, "percent_covered_display": "100", "missing_lines": 0, "excluded_lines": 0}, "missing_lines": [], "excluded_lines": []}, "with_progress": {"executed_lines": [116, 129], "summary": {"covered_lines": 2, "num_statements": 2, "percent_covered": 100.0, "percent_covered_display": "100", "missing_lines": 0, "excluded_lines": 0}, "missing_lines": [], "excluded_lines": []}, "with_progress.decorator": {"executed_lines": [117, 127], "summary": {"covered_lines": 2, "num_statements": 2, "percent_covered": 100.0, "percent_covered_display": "100", "missing_lines": 0, "excluded_lines": 0}, "missing_lines": [], "excluded_lines": []}, "with_progress.decorator.wrapper": {"executed_lines": [118, 123, 124, 125], "summary": {"covered_lines": 4, "num_statements": 4, "percent_covered": 100.0, "percent_covered_display": "100", "missing_lines": 0, "excluded_lines": 0}, "missing_lines": [], "excluded_lines": []}, "": {"executed_lines": [1, 7, 9, 10, 11, 13, 16, 21, 26, 31, 36, 44, 63, 75, 92, 113], "summary": {"covered_lines": 15, "num_statements": 15, "percent_covered": 100.0, "percent_covered_display": "100", "missing_lines": 0, "excluded_lines": 0}, "missing_lines": [], "excluded_lines": []}}, "classes": {"": {"executed_lines": [1, 7, 9, 10, 11, 13, 16, 18, 21, 23, 26, 28, 31, 33, 36, 38, 39, 40, 41, 44, 46, 51, 52, 60, 63, 65, 66, 67, 68, 69, 70, 71, 72, 75, 77, 79, 80, 81, 83, 84, 85, 89, 92, 94, 96, 97, 98, 99, 100, 102, 103, 110, 113, 116, 117, 118, 123, 124, 125, 127, 129], "summary": {"covered_lines": 60, "num_statements": 61, "percent_covered": 98.36065573770492, "percent_covered_display": "98", "missing_lines": 1, "excluded_lines": 0}, "missing_lines": [87], "excluded_lines": []}}}}, "totals": {"covered_lines": 6263, "num_statements": 14810, "percent_covered": 42.28899392302498, "percent_covered_display": "42", "missing_lines": 8547, "excluded_lines": 816}}